2023-09-09 15:49:04.063 [http-nio-80-exec-5] DEBUG org.apache.ibatis.logging.LogFactory - Logging initialized using 'class org.apache.ibatis.logging.log4j2.Log4j2Impl' adapter.
2023-09-09 15:49:04.150 [http-nio-80-exec-5] DEBUG org.apache.ibatis.datasource.pooled.PooledDataSource - PooledDataSource forcefully closed/removed all connections.
2023-09-09 15:49:04.150 [http-nio-80-exec-5] DEBUG org.apache.ibatis.datasource.pooled.PooledDataSource - PooledDataSource forcefully closed/removed all connections.
2023-09-09 15:49:04.150 [http-nio-80-exec-5] DEBUG org.apache.ibatis.datasource.pooled.PooledDataSource - PooledDataSource forcefully closed/removed all connections.
2023-09-09 15:49:04.150 [http-nio-80-exec-5] DEBUG org.apache.ibatis.datasource.pooled.PooledDataSource - PooledDataSource forcefully closed/removed all connections.
2023-09-09 15:49:04.154 [http-nio-80-exec-5] DEBUG org.apache.ibatis.datasource.pooled.PooledDataSource - PooledDataSource forcefully closed/removed all connections.
2023-09-09 15:49:04.154 [http-nio-80-exec-5] DEBUG org.apache.ibatis.datasource.pooled.PooledDataSource - PooledDataSource forcefully closed/removed all connections.
2023-09-09 15:49:04.250 [http-nio-80-exec-5] DEBUG org.apache.ibatis.transaction.jdbc.JdbcTransaction - Opening JDBC Connection
2023-09-09 15:49:04.579 [http-nio-80-exec-5] DEBUG org.apache.ibatis.datasource.pooled.PooledDataSource - Created connection 2119558878.
2023-09-09 15:49:04.579 [http-nio-80-exec-5] DEBUG org.apache.ibatis.transaction.jdbc.JdbcTransaction - Setting autocommit to false on JDBC Connection [oracle.jdbc.driver.T4CConnection@7e55e6de]
2023-09-09 15:49:04.582 [http-nio-80-exec-5] DEBUG employee.getEmployee - ==>  Preparing: select * from employee where emp_no = ? 
2023-09-09 15:49:04.694 [http-nio-80-exec-5] DEBUG employee.getEmployee - ==> Parameters: 1(String)
2023-09-09 15:49:04.723 [http-nio-80-exec-5] TRACE employee.getEmployee - <==    Columns: EMP_NO, EMP_PW, EMP_ADDR, EMP_TEL, EMP_EMAIL, EMP_NAME, EMP_POSIT, EMP_STATE, ADMIN_CODE, DEPT_CODE
2023-09-09 15:49:04.727 [http-nio-80-exec-5] TRACE employee.getEmployee - <==        Row: 1, 2, 2, 2, 2, 왜 너만 안지워져, 3, 2, 1, 1
2023-09-09 15:49:04.728 [http-nio-80-exec-5] DEBUG employee.getEmployee - <==      Total: 1
2023-09-09 15:49:04.729 [http-nio-80-exec-5] DEBUG org.apache.ibatis.transaction.jdbc.JdbcTransaction - Resetting autocommit to true on JDBC Connection [oracle.jdbc.driver.T4CConnection@7e55e6de]
2023-09-09 15:49:04.729 [http-nio-80-exec-5] DEBUG org.apache.ibatis.transaction.jdbc.JdbcTransaction - Closing JDBC Connection [oracle.jdbc.driver.T4CConnection@7e55e6de]
2023-09-09 15:49:04.729 [http-nio-80-exec-5] DEBUG org.apache.ibatis.datasource.pooled.PooledDataSource - Returned connection 2119558878 to pool.
2023-09-09 15:49:24.779 [http-nio-80-exec-8] DEBUG org.apache.ibatis.transaction.jdbc.JdbcTransaction - Opening JDBC Connection
2023-09-09 15:49:24.780 [http-nio-80-exec-8] DEBUG org.apache.ibatis.datasource.pooled.PooledDataSource - Checked out connection 2119558878 from pool.
2023-09-09 15:49:24.780 [http-nio-80-exec-8] DEBUG employee.selectAll - ==>  Preparing: select * from EMPLOYEE order by emp_no 
2023-09-09 15:49:24.780 [http-nio-80-exec-8] DEBUG employee.selectAll - ==> Parameters: 
2023-09-09 15:49:24.785 [http-nio-80-exec-8] TRACE employee.selectAll - <==    Columns: EMP_NO, EMP_PW, EMP_ADDR, EMP_TEL, EMP_EMAIL, EMP_NAME, EMP_POSIT, EMP_STATE, ADMIN_CODE, DEPT_CODE
2023-09-09 15:49:24.785 [http-nio-80-exec-8] TRACE employee.selectAll - <==        Row: 1, 2, 2, 2, 2, 왜 너만 안지워져, 3, 2, 1, 1
2023-09-09 15:49:24.786 [http-nio-80-exec-8] TRACE employee.selectAll - <==        Row: 10, 2, 자동채번, 010-134-134, kim@nvaer.com, tkqjs, 자동, 1, 1, 1
2023-09-09 15:49:24.786 [http-nio-80-exec-8] TRACE employee.selectAll - <==        Row: 11, 123, 으아아앜!!!!!!!, 010-2552-2453, 으앜, 흐아, 으아, 1, 1, 1
2023-09-09 15:49:24.786 [http-nio-80-exec-8] TRACE employee.selectAll - <==        Row: 12, 123123, 되나???어??, 010-1234-1340, 되나?, 어?, 되나?, 1, 0, 1
2023-09-09 15:49:24.786 [http-nio-80-exec-8] TRACE employee.selectAll - <==        Row: 13, 111, 아, 아, 아, 아, 아, 1, 1, 1
2023-09-09 15:49:24.787 [http-nio-80-exec-8] TRACE employee.selectAll - <==        Row: 14, 5Oa)6Ul@, ㄹ, ㅇ, ㄹ, ㅇ, ㅇ, 1, 1, 1
2023-09-09 15:49:24.787 [http-nio-80-exec-8] DEBUG employee.selectAll - <==      Total: 6
2023-09-09 15:49:24.787 [http-nio-80-exec-8] DEBUG org.apache.ibatis.transaction.jdbc.JdbcTransaction - Closing JDBC Connection [oracle.jdbc.driver.T4CConnection@7e55e6de]
2023-09-09 15:49:24.787 [http-nio-80-exec-8] DEBUG org.apache.ibatis.datasource.pooled.PooledDataSource - Returned connection 2119558878 to pool.
2023-09-09 15:49:37.436 [http-nio-80-exec-9] DEBUG org.apache.ibatis.transaction.jdbc.JdbcTransaction - Opening JDBC Connection
2023-09-09 15:49:37.436 [http-nio-80-exec-9] DEBUG org.apache.ibatis.datasource.pooled.PooledDataSource - Checked out connection 2119558878 from pool.
2023-09-09 15:49:37.436 [http-nio-80-exec-9] DEBUG org.apache.ibatis.transaction.jdbc.JdbcTransaction - Setting autocommit to false on JDBC Connection [oracle.jdbc.driver.T4CConnection@7e55e6de]
2023-09-09 15:49:37.436 [http-nio-80-exec-9] DEBUG employee.getEmployee - ==>  Preparing: select * from employee where emp_no = ? 
2023-09-09 15:49:37.436 [http-nio-80-exec-9] DEBUG employee.getEmployee - ==> Parameters: 1(String)
2023-09-09 15:49:37.440 [http-nio-80-exec-9] TRACE employee.getEmployee - <==    Columns: EMP_NO, EMP_PW, EMP_ADDR, EMP_TEL, EMP_EMAIL, EMP_NAME, EMP_POSIT, EMP_STATE, ADMIN_CODE, DEPT_CODE
2023-09-09 15:49:37.440 [http-nio-80-exec-9] TRACE employee.getEmployee - <==        Row: 1, 2, 2, 2, 2, 왜 너만 안지워져, 3, 2, 1, 1
2023-09-09 15:49:37.440 [http-nio-80-exec-9] DEBUG employee.getEmployee - <==      Total: 1
2023-09-09 15:49:37.440 [http-nio-80-exec-9] DEBUG org.apache.ibatis.transaction.jdbc.JdbcTransaction - Resetting autocommit to true on JDBC Connection [oracle.jdbc.driver.T4CConnection@7e55e6de]
2023-09-09 15:49:37.440 [http-nio-80-exec-9] DEBUG org.apache.ibatis.transaction.jdbc.JdbcTransaction - Closing JDBC Connection [oracle.jdbc.driver.T4CConnection@7e55e6de]
2023-09-09 15:49:37.440 [http-nio-80-exec-9] DEBUG org.apache.ibatis.datasource.pooled.PooledDataSource - Returned connection 2119558878 to pool.
2023-09-09 15:51:03.086 [http-nio-80-exec-2] DEBUG org.apache.ibatis.transaction.jdbc.JdbcTransaction - Opening JDBC Connection
2023-09-09 15:51:03.086 [http-nio-80-exec-2] DEBUG org.apache.ibatis.datasource.pooled.PooledDataSource - Checked out connection 2119558878 from pool.
2023-09-09 15:51:03.086 [http-nio-80-exec-2] DEBUG org.apache.ibatis.transaction.jdbc.JdbcTransaction - Setting autocommit to false on JDBC Connection [oracle.jdbc.driver.T4CConnection@7e55e6de]
2023-09-09 15:51:03.086 [http-nio-80-exec-2] DEBUG employee.getEmployee - ==>  Preparing: select * from employee where emp_no = ? 
2023-09-09 15:51:03.087 [http-nio-80-exec-2] DEBUG employee.getEmployee - ==> Parameters: 1(String)
2023-09-09 15:51:03.091 [http-nio-80-exec-2] TRACE employee.getEmployee - <==    Columns: EMP_NO, EMP_PW, EMP_ADDR, EMP_TEL, EMP_EMAIL, EMP_NAME, EMP_POSIT, EMP_STATE, ADMIN_CODE, DEPT_CODE
2023-09-09 15:51:03.091 [http-nio-80-exec-2] TRACE employee.getEmployee - <==        Row: 1, 2, 2, 2, 2, 왜 너만 안지워져, 3, 2, 1, 1
2023-09-09 15:51:03.091 [http-nio-80-exec-2] DEBUG employee.getEmployee - <==      Total: 1
2023-09-09 15:51:03.091 [http-nio-80-exec-2] DEBUG org.apache.ibatis.transaction.jdbc.JdbcTransaction - Resetting autocommit to true on JDBC Connection [oracle.jdbc.driver.T4CConnection@7e55e6de]
2023-09-09 15:51:03.091 [http-nio-80-exec-2] DEBUG org.apache.ibatis.transaction.jdbc.JdbcTransaction - Closing JDBC Connection [oracle.jdbc.driver.T4CConnection@7e55e6de]
2023-09-09 15:51:03.091 [http-nio-80-exec-2] DEBUG org.apache.ibatis.datasource.pooled.PooledDataSource - Returned connection 2119558878 to pool.
2023-09-09 15:51:04.579 [http-nio-80-exec-7] DEBUG org.apache.ibatis.transaction.jdbc.JdbcTransaction - Opening JDBC Connection
2023-09-09 15:51:04.579 [http-nio-80-exec-7] DEBUG org.apache.ibatis.datasource.pooled.PooledDataSource - Checked out connection 2119558878 from pool.
2023-09-09 15:51:04.579 [http-nio-80-exec-7] DEBUG employee.selectAll - ==>  Preparing: select * from EMPLOYEE order by emp_no 
2023-09-09 15:51:04.579 [http-nio-80-exec-7] DEBUG employee.selectAll - ==> Parameters: 
2023-09-09 15:51:04.584 [http-nio-80-exec-7] TRACE employee.selectAll - <==    Columns: EMP_NO, EMP_PW, EMP_ADDR, EMP_TEL, EMP_EMAIL, EMP_NAME, EMP_POSIT, EMP_STATE, ADMIN_CODE, DEPT_CODE
2023-09-09 15:51:04.584 [http-nio-80-exec-7] TRACE employee.selectAll - <==        Row: 1, 2, 2, 2, 2, 왜 너만 안지워져, 3, 2, 1, 1
2023-09-09 15:51:04.584 [http-nio-80-exec-7] TRACE employee.selectAll - <==        Row: 10, 2, 자동채번, 010-134-134, kim@nvaer.com, tkqjs, 자동, 1, 1, 1
2023-09-09 15:51:04.585 [http-nio-80-exec-7] TRACE employee.selectAll - <==        Row: 11, 123, 으아아앜!!!!!!!, 010-2552-2453, 으앜, 흐아, 으아, 1, 1, 1
2023-09-09 15:51:04.585 [http-nio-80-exec-7] TRACE employee.selectAll - <==        Row: 12, 123123, 되나???어??, 010-1234-1340, 되나?, 어?, 되나?, 1, 0, 1
2023-09-09 15:51:04.585 [http-nio-80-exec-7] TRACE employee.selectAll - <==        Row: 13, 111, 아, 아, 아, 아, 아, 1, 1, 1
2023-09-09 15:51:04.585 [http-nio-80-exec-7] TRACE employee.selectAll - <==        Row: 14, 5Oa)6Ul@, ㄹ, ㅇ, ㄹ, ㅇ, ㅇ, 1, 1, 1
2023-09-09 15:51:04.586 [http-nio-80-exec-7] DEBUG employee.selectAll - <==      Total: 6
2023-09-09 15:51:04.586 [http-nio-80-exec-7] DEBUG org.apache.ibatis.transaction.jdbc.JdbcTransaction - Closing JDBC Connection [oracle.jdbc.driver.T4CConnection@7e55e6de]
2023-09-09 15:51:04.586 [http-nio-80-exec-7] DEBUG org.apache.ibatis.datasource.pooled.PooledDataSource - Returned connection 2119558878 to pool.
2023-09-09 15:52:26.394 [http-nio-80-exec-4] DEBUG org.apache.ibatis.transaction.jdbc.JdbcTransaction - Opening JDBC Connection
2023-09-09 15:52:26.394 [http-nio-80-exec-4] DEBUG org.apache.ibatis.datasource.pooled.PooledDataSource - Checked out connection 2119558878 from pool.
2023-09-09 15:52:26.394 [http-nio-80-exec-4] DEBUG org.apache.ibatis.transaction.jdbc.JdbcTransaction - Setting autocommit to false on JDBC Connection [oracle.jdbc.driver.T4CConnection@7e55e6de]
2023-09-09 15:52:26.394 [http-nio-80-exec-4] DEBUG employee.getEmployee - ==>  Preparing: select * from employee where emp_no = ? 
2023-09-09 15:52:26.394 [http-nio-80-exec-4] DEBUG employee.getEmployee - ==> Parameters: 1(String)
2023-09-09 15:52:26.398 [http-nio-80-exec-4] TRACE employee.getEmployee - <==    Columns: EMP_NO, EMP_PW, EMP_ADDR, EMP_TEL, EMP_EMAIL, EMP_NAME, EMP_POSIT, EMP_STATE, ADMIN_CODE, DEPT_CODE
2023-09-09 15:52:26.398 [http-nio-80-exec-4] TRACE employee.getEmployee - <==        Row: 1, 2, 2, 2, 2, 왜 너만 안지워져, 3, 2, 1, 1
2023-09-09 15:52:26.399 [http-nio-80-exec-4] DEBUG employee.getEmployee - <==      Total: 1
2023-09-09 15:52:26.399 [http-nio-80-exec-4] DEBUG org.apache.ibatis.transaction.jdbc.JdbcTransaction - Resetting autocommit to true on JDBC Connection [oracle.jdbc.driver.T4CConnection@7e55e6de]
2023-09-09 15:52:26.399 [http-nio-80-exec-4] DEBUG org.apache.ibatis.transaction.jdbc.JdbcTransaction - Closing JDBC Connection [oracle.jdbc.driver.T4CConnection@7e55e6de]
2023-09-09 15:52:26.399 [http-nio-80-exec-4] DEBUG org.apache.ibatis.datasource.pooled.PooledDataSource - Returned connection 2119558878 to pool.
2023-09-09 15:52:27.260 [http-nio-80-exec-8] DEBUG org.apache.ibatis.transaction.jdbc.JdbcTransaction - Opening JDBC Connection
2023-09-09 15:52:27.261 [http-nio-80-exec-8] DEBUG org.apache.ibatis.datasource.pooled.PooledDataSource - Checked out connection 2119558878 from pool.
2023-09-09 15:52:27.261 [http-nio-80-exec-8] DEBUG employee.selectAll - ==>  Preparing: select * from EMPLOYEE order by emp_no 
2023-09-09 15:52:27.261 [http-nio-80-exec-8] DEBUG employee.selectAll - ==> Parameters: 
2023-09-09 15:52:27.266 [http-nio-80-exec-8] TRACE employee.selectAll - <==    Columns: EMP_NO, EMP_PW, EMP_ADDR, EMP_TEL, EMP_EMAIL, EMP_NAME, EMP_POSIT, EMP_STATE, ADMIN_CODE, DEPT_CODE
2023-09-09 15:52:27.266 [http-nio-80-exec-8] TRACE employee.selectAll - <==        Row: 1, 2, 2, 2, 2, 왜 너만 안지워져, 3, 2, 1, 1
2023-09-09 15:52:27.267 [http-nio-80-exec-8] TRACE employee.selectAll - <==        Row: 10, 2, 자동채번, 010-134-134, kim@nvaer.com, tkqjs, 자동, 1, 1, 1
2023-09-09 15:52:27.267 [http-nio-80-exec-8] TRACE employee.selectAll - <==        Row: 11, 123, 으아아앜!!!!!!!, 010-2552-2453, 으앜, 흐아, 으아, 1, 1, 1
2023-09-09 15:52:27.267 [http-nio-80-exec-8] TRACE employee.selectAll - <==        Row: 12, 123123, 되나???어??, 010-1234-1340, 되나?, 어?, 되나?, 1, 0, 1
2023-09-09 15:52:27.267 [http-nio-80-exec-8] TRACE employee.selectAll - <==        Row: 13, 111, 아, 아, 아, 아, 아, 1, 1, 1
2023-09-09 15:52:27.267 [http-nio-80-exec-8] TRACE employee.selectAll - <==        Row: 14, 5Oa)6Ul@, ㄹ, ㅇ, ㄹ, ㅇ, ㅇ, 1, 1, 1
2023-09-09 15:52:27.267 [http-nio-80-exec-8] DEBUG employee.selectAll - <==      Total: 6
2023-09-09 15:52:27.267 [http-nio-80-exec-8] DEBUG org.apache.ibatis.transaction.jdbc.JdbcTransaction - Closing JDBC Connection [oracle.jdbc.driver.T4CConnection@7e55e6de]
2023-09-09 15:52:27.268 [http-nio-80-exec-8] DEBUG org.apache.ibatis.datasource.pooled.PooledDataSource - Returned connection 2119558878 to pool.
2023-09-09 15:52:28.771 [http-nio-80-exec-9] DEBUG org.apache.ibatis.transaction.jdbc.JdbcTransaction - Opening JDBC Connection
2023-09-09 15:52:28.771 [http-nio-80-exec-9] DEBUG org.apache.ibatis.datasource.pooled.PooledDataSource - Checked out connection 2119558878 from pool.
2023-09-09 15:52:28.771 [http-nio-80-exec-9] DEBUG org.apache.ibatis.transaction.jdbc.JdbcTransaction - Setting autocommit to false on JDBC Connection [oracle.jdbc.driver.T4CConnection@7e55e6de]
2023-09-09 15:52:28.771 [http-nio-80-exec-9] DEBUG employee.getEmployee - ==>  Preparing: select * from employee where emp_no = ? 
2023-09-09 15:52:28.772 [http-nio-80-exec-9] DEBUG employee.getEmployee - ==> Parameters: 1(String)
2023-09-09 15:52:28.776 [http-nio-80-exec-9] TRACE employee.getEmployee - <==    Columns: EMP_NO, EMP_PW, EMP_ADDR, EMP_TEL, EMP_EMAIL, EMP_NAME, EMP_POSIT, EMP_STATE, ADMIN_CODE, DEPT_CODE
2023-09-09 15:52:28.777 [http-nio-80-exec-9] TRACE employee.getEmployee - <==        Row: 1, 2, 2, 2, 2, 왜 너만 안지워져, 3, 2, 1, 1
2023-09-09 15:52:28.777 [http-nio-80-exec-9] DEBUG employee.getEmployee - <==      Total: 1
2023-09-09 15:52:28.777 [http-nio-80-exec-9] DEBUG org.apache.ibatis.transaction.jdbc.JdbcTransaction - Resetting autocommit to true on JDBC Connection [oracle.jdbc.driver.T4CConnection@7e55e6de]
2023-09-09 15:52:28.777 [http-nio-80-exec-9] DEBUG org.apache.ibatis.transaction.jdbc.JdbcTransaction - Closing JDBC Connection [oracle.jdbc.driver.T4CConnection@7e55e6de]
2023-09-09 15:52:28.777 [http-nio-80-exec-9] DEBUG org.apache.ibatis.datasource.pooled.PooledDataSource - Returned connection 2119558878 to pool.
2023-09-09 15:52:29.306 [http-nio-80-exec-10] DEBUG org.apache.ibatis.transaction.jdbc.JdbcTransaction - Opening JDBC Connection
2023-09-09 15:52:29.307 [http-nio-80-exec-10] DEBUG org.apache.ibatis.datasource.pooled.PooledDataSource - Checked out connection 2119558878 from pool.
2023-09-09 15:52:29.307 [http-nio-80-exec-10] DEBUG employee.selectAll - ==>  Preparing: select * from EMPLOYEE order by emp_no 
2023-09-09 15:52:29.307 [http-nio-80-exec-10] DEBUG employee.selectAll - ==> Parameters: 
2023-09-09 15:52:29.311 [http-nio-80-exec-10] TRACE employee.selectAll - <==    Columns: EMP_NO, EMP_PW, EMP_ADDR, EMP_TEL, EMP_EMAIL, EMP_NAME, EMP_POSIT, EMP_STATE, ADMIN_CODE, DEPT_CODE
2023-09-09 15:52:29.311 [http-nio-80-exec-10] TRACE employee.selectAll - <==        Row: 1, 2, 2, 2, 2, 왜 너만 안지워져, 3, 2, 1, 1
2023-09-09 15:52:29.311 [http-nio-80-exec-10] TRACE employee.selectAll - <==        Row: 10, 2, 자동채번, 010-134-134, kim@nvaer.com, tkqjs, 자동, 1, 1, 1
2023-09-09 15:52:29.311 [http-nio-80-exec-10] TRACE employee.selectAll - <==        Row: 11, 123, 으아아앜!!!!!!!, 010-2552-2453, 으앜, 흐아, 으아, 1, 1, 1
2023-09-09 15:52:29.311 [http-nio-80-exec-10] TRACE employee.selectAll - <==        Row: 12, 123123, 되나???어??, 010-1234-1340, 되나?, 어?, 되나?, 1, 0, 1
2023-09-09 15:52:29.311 [http-nio-80-exec-10] TRACE employee.selectAll - <==        Row: 13, 111, 아, 아, 아, 아, 아, 1, 1, 1
2023-09-09 15:52:29.311 [http-nio-80-exec-10] TRACE employee.selectAll - <==        Row: 14, 5Oa)6Ul@, ㄹ, ㅇ, ㄹ, ㅇ, ㅇ, 1, 1, 1
2023-09-09 15:52:29.312 [http-nio-80-exec-10] DEBUG employee.selectAll - <==      Total: 6
2023-09-09 15:52:29.312 [http-nio-80-exec-10] DEBUG org.apache.ibatis.transaction.jdbc.JdbcTransaction - Closing JDBC Connection [oracle.jdbc.driver.T4CConnection@7e55e6de]
2023-09-09 15:52:29.312 [http-nio-80-exec-10] DEBUG org.apache.ibatis.datasource.pooled.PooledDataSource - Returned connection 2119558878 to pool.
2023-09-09 15:52:31.763 [http-nio-80-exec-1] DEBUG org.apache.ibatis.transaction.jdbc.JdbcTransaction - Opening JDBC Connection
2023-09-09 15:52:31.763 [http-nio-80-exec-1] DEBUG org.apache.ibatis.datasource.pooled.PooledDataSource - Checked out connection 2119558878 from pool.
2023-09-09 15:52:31.763 [http-nio-80-exec-1] DEBUG org.apache.ibatis.transaction.jdbc.JdbcTransaction - Setting autocommit to false on JDBC Connection [oracle.jdbc.driver.T4CConnection@7e55e6de]
2023-09-09 15:52:31.763 [http-nio-80-exec-1] DEBUG employee.getEmployee - ==>  Preparing: select * from employee where emp_no = ? 
2023-09-09 15:52:31.763 [http-nio-80-exec-1] DEBUG employee.getEmployee - ==> Parameters: 10(String)
2023-09-09 15:52:31.766 [http-nio-80-exec-1] TRACE employee.getEmployee - <==    Columns: EMP_NO, EMP_PW, EMP_ADDR, EMP_TEL, EMP_EMAIL, EMP_NAME, EMP_POSIT, EMP_STATE, ADMIN_CODE, DEPT_CODE
2023-09-09 15:52:31.767 [http-nio-80-exec-1] TRACE employee.getEmployee - <==        Row: 10, 2, 자동채번, 010-134-134, kim@nvaer.com, tkqjs, 자동, 1, 1, 1
2023-09-09 15:52:31.767 [http-nio-80-exec-1] DEBUG employee.getEmployee - <==      Total: 1
2023-09-09 15:52:31.767 [http-nio-80-exec-1] DEBUG org.apache.ibatis.transaction.jdbc.JdbcTransaction - Resetting autocommit to true on JDBC Connection [oracle.jdbc.driver.T4CConnection@7e55e6de]
2023-09-09 15:52:31.767 [http-nio-80-exec-1] DEBUG org.apache.ibatis.transaction.jdbc.JdbcTransaction - Closing JDBC Connection [oracle.jdbc.driver.T4CConnection@7e55e6de]
2023-09-09 15:52:31.767 [http-nio-80-exec-1] DEBUG org.apache.ibatis.datasource.pooled.PooledDataSource - Returned connection 2119558878 to pool.
2023-09-09 16:01:00.002 [http-nio-80-exec-7] DEBUG org.apache.ibatis.transaction.jdbc.JdbcTransaction - Opening JDBC Connection
2023-09-09 16:01:00.002 [http-nio-80-exec-7] DEBUG org.apache.ibatis.datasource.pooled.PooledDataSource - Checked out connection 2119558878 from pool.
2023-09-09 16:01:00.002 [http-nio-80-exec-7] DEBUG employee.selectAll - ==>  Preparing: select * from EMPLOYEE order by emp_no 
2023-09-09 16:01:00.002 [http-nio-80-exec-7] DEBUG employee.selectAll - ==> Parameters: 
2023-09-09 16:01:00.007 [http-nio-80-exec-7] TRACE employee.selectAll - <==    Columns: EMP_NO, EMP_PW, EMP_ADDR, EMP_TEL, EMP_EMAIL, EMP_NAME, EMP_POSIT, EMP_STATE, ADMIN_CODE, DEPT_CODE
2023-09-09 16:01:00.007 [http-nio-80-exec-7] TRACE employee.selectAll - <==        Row: 1, 2, 2, 2, 2, 왜 너만 안지워져, 3, 2, 1, 1
2023-09-09 16:01:00.008 [http-nio-80-exec-7] TRACE employee.selectAll - <==        Row: 10, 2, 자동채번, 010-134-134, kim@nvaer.com, tkqjs, 자동, 1, 1, 1
2023-09-09 16:01:00.008 [http-nio-80-exec-7] TRACE employee.selectAll - <==        Row: 11, 123, 으아아앜!!!!!!!, 010-2552-2453, 으앜, 흐아, 으아, 1, 1, 1
2023-09-09 16:01:00.008 [http-nio-80-exec-7] TRACE employee.selectAll - <==        Row: 12, 123123, 되나???어??, 010-1234-1340, 되나?, 어?, 되나?, 1, 0, 1
2023-09-09 16:01:00.008 [http-nio-80-exec-7] TRACE employee.selectAll - <==        Row: 13, 111, 아, 아, 아, 아, 아, 1, 1, 1
2023-09-09 16:01:00.008 [http-nio-80-exec-7] TRACE employee.selectAll - <==        Row: 14, 5Oa)6Ul@, ㄹ, ㅇ, ㄹ, ㅇ, ㅇ, 1, 1, 1
2023-09-09 16:01:00.008 [http-nio-80-exec-7] DEBUG employee.selectAll - <==      Total: 6
2023-09-09 16:01:00.008 [http-nio-80-exec-7] DEBUG org.apache.ibatis.transaction.jdbc.JdbcTransaction - Closing JDBC Connection [oracle.jdbc.driver.T4CConnection@7e55e6de]
2023-09-09 16:01:00.008 [http-nio-80-exec-7] DEBUG org.apache.ibatis.datasource.pooled.PooledDataSource - Returned connection 2119558878 to pool.
2023-09-09 16:10:20.756 [http-nio-80-exec-8] DEBUG org.apache.ibatis.logging.LogFactory - Logging initialized using 'class org.apache.ibatis.logging.log4j2.Log4j2Impl' adapter.
2023-09-09 16:10:20.834 [http-nio-80-exec-8] DEBUG org.apache.ibatis.datasource.pooled.PooledDataSource - PooledDataSource forcefully closed/removed all connections.
2023-09-09 16:10:20.834 [http-nio-80-exec-8] DEBUG org.apache.ibatis.datasource.pooled.PooledDataSource - PooledDataSource forcefully closed/removed all connections.
2023-09-09 16:10:20.834 [http-nio-80-exec-8] DEBUG org.apache.ibatis.datasource.pooled.PooledDataSource - PooledDataSource forcefully closed/removed all connections.
2023-09-09 16:10:20.834 [http-nio-80-exec-8] DEBUG org.apache.ibatis.datasource.pooled.PooledDataSource - PooledDataSource forcefully closed/removed all connections.
2023-09-09 16:10:20.834 [http-nio-80-exec-8] DEBUG org.apache.ibatis.datasource.pooled.PooledDataSource - PooledDataSource forcefully closed/removed all connections.
2023-09-09 16:10:20.834 [http-nio-80-exec-8] DEBUG org.apache.ibatis.datasource.pooled.PooledDataSource - PooledDataSource forcefully closed/removed all connections.
2023-09-09 16:10:20.940 [http-nio-80-exec-8] DEBUG org.apache.ibatis.transaction.jdbc.JdbcTransaction - Opening JDBC Connection
2023-09-09 16:10:21.126 [http-nio-80-exec-8] DEBUG org.apache.ibatis.datasource.pooled.PooledDataSource - Created connection 946682511.
2023-09-09 16:10:21.128 [http-nio-80-exec-8] DEBUG employee.selectAll - ==>  Preparing: select * from EMPLOYEE order by emp_no 
2023-09-09 16:10:21.219 [http-nio-80-exec-8] DEBUG employee.selectAll - ==> Parameters: 
2023-09-09 16:10:21.244 [http-nio-80-exec-8] TRACE employee.selectAll - <==    Columns: EMP_NO, EMP_PW, EMP_ADDR, EMP_TEL, EMP_EMAIL, EMP_NAME, EMP_POSIT, EMP_STATE, ADMIN_CODE, DEPT_CODE
2023-09-09 16:10:21.248 [http-nio-80-exec-8] TRACE employee.selectAll - <==        Row: 1, 2, 2, 2, 2, 왜 너만 안지워져, 3, 2, 1, 1
2023-09-09 16:10:21.249 [http-nio-80-exec-8] TRACE employee.selectAll - <==        Row: 10, 2, 자동채번, 010-134-134, kim@nvaer.com, tkqjs, 자동, 1, 1, 1
2023-09-09 16:10:21.249 [http-nio-80-exec-8] TRACE employee.selectAll - <==        Row: 11, 123, 으아아앜!!!!!!!, 010-2552-2453, 으앜, 흐아, 으아, 1, 1, 1
2023-09-09 16:10:21.249 [http-nio-80-exec-8] TRACE employee.selectAll - <==        Row: 12, 123123, 되나???어??, 010-1234-1340, 되나?, 어?, 되나?, 1, 0, 1
2023-09-09 16:10:21.249 [http-nio-80-exec-8] TRACE employee.selectAll - <==        Row: 13, 111, 아, 아, 아, 아, 아, 1, 1, 1
2023-09-09 16:10:21.249 [http-nio-80-exec-8] TRACE employee.selectAll - <==        Row: 14, 5Oa)6Ul@, ㄹ, ㅇ, ㄹ, ㅇ, ㅇ, 1, 1, 1
2023-09-09 16:10:21.250 [http-nio-80-exec-8] DEBUG employee.selectAll - <==      Total: 6
2023-09-09 16:10:21.250 [http-nio-80-exec-8] DEBUG org.apache.ibatis.transaction.jdbc.JdbcTransaction - Closing JDBC Connection [oracle.jdbc.driver.T4CConnection@386d3a8f]
2023-09-09 16:10:21.250 [http-nio-80-exec-8] DEBUG org.apache.ibatis.datasource.pooled.PooledDataSource - Returned connection 946682511 to pool.
2023-09-09 16:10:23.497 [http-nio-80-exec-5] DEBUG org.apache.ibatis.transaction.jdbc.JdbcTransaction - Opening JDBC Connection
2023-09-09 16:10:23.497 [http-nio-80-exec-5] DEBUG org.apache.ibatis.datasource.pooled.PooledDataSource - Checked out connection 946682511 from pool.
2023-09-09 16:10:23.497 [http-nio-80-exec-5] DEBUG org.apache.ibatis.transaction.jdbc.JdbcTransaction - Setting autocommit to false on JDBC Connection [oracle.jdbc.driver.T4CConnection@386d3a8f]
2023-09-09 16:10:23.497 [http-nio-80-exec-5] DEBUG employee.getEmployee - ==>  Preparing: select * from employee where emp_no = ? 
2023-09-09 16:10:23.498 [http-nio-80-exec-5] DEBUG employee.getEmployee - ==> Parameters: 10(String)
2023-09-09 16:10:23.501 [http-nio-80-exec-5] TRACE employee.getEmployee - <==    Columns: EMP_NO, EMP_PW, EMP_ADDR, EMP_TEL, EMP_EMAIL, EMP_NAME, EMP_POSIT, EMP_STATE, ADMIN_CODE, DEPT_CODE
2023-09-09 16:10:23.502 [http-nio-80-exec-5] TRACE employee.getEmployee - <==        Row: 10, 2, 자동채번, 010-134-134, kim@nvaer.com, tkqjs, 자동, 1, 1, 1
2023-09-09 16:10:23.502 [http-nio-80-exec-5] DEBUG employee.getEmployee - <==      Total: 1
2023-09-09 16:10:23.502 [http-nio-80-exec-5] DEBUG org.apache.ibatis.transaction.jdbc.JdbcTransaction - Resetting autocommit to true on JDBC Connection [oracle.jdbc.driver.T4CConnection@386d3a8f]
2023-09-09 16:10:23.502 [http-nio-80-exec-5] DEBUG org.apache.ibatis.transaction.jdbc.JdbcTransaction - Closing JDBC Connection [oracle.jdbc.driver.T4CConnection@386d3a8f]
2023-09-09 16:10:23.502 [http-nio-80-exec-5] DEBUG org.apache.ibatis.datasource.pooled.PooledDataSource - Returned connection 946682511 to pool.
2023-09-09 16:10:30.400 [http-nio-80-exec-12] DEBUG org.apache.ibatis.transaction.jdbc.JdbcTransaction - Opening JDBC Connection
2023-09-09 16:10:30.400 [http-nio-80-exec-12] DEBUG org.apache.ibatis.datasource.pooled.PooledDataSource - Checked out connection 946682511 from pool.
2023-09-09 16:10:30.400 [http-nio-80-exec-12] DEBUG org.apache.ibatis.transaction.jdbc.JdbcTransaction - Setting autocommit to false on JDBC Connection [oracle.jdbc.driver.T4CConnection@386d3a8f]
2023-09-09 16:10:30.400 [http-nio-80-exec-12] DEBUG employee.getEmployee - ==>  Preparing: select * from employee where emp_no = ? 
2023-09-09 16:10:30.400 [http-nio-80-exec-12] DEBUG employee.getEmployee - ==> Parameters: 10(String)
2023-09-09 16:10:30.404 [http-nio-80-exec-12] TRACE employee.getEmployee - <==    Columns: EMP_NO, EMP_PW, EMP_ADDR, EMP_TEL, EMP_EMAIL, EMP_NAME, EMP_POSIT, EMP_STATE, ADMIN_CODE, DEPT_CODE
2023-09-09 16:10:30.404 [http-nio-80-exec-12] TRACE employee.getEmployee - <==        Row: 10, 2, 자동채번, 010-134-134, kim@nvaer.com, tkqjs, 자동, 1, 1, 1
2023-09-09 16:10:30.404 [http-nio-80-exec-12] DEBUG employee.getEmployee - <==      Total: 1
2023-09-09 16:10:30.404 [http-nio-80-exec-12] DEBUG org.apache.ibatis.transaction.jdbc.JdbcTransaction - Resetting autocommit to true on JDBC Connection [oracle.jdbc.driver.T4CConnection@386d3a8f]
2023-09-09 16:10:30.405 [http-nio-80-exec-12] DEBUG org.apache.ibatis.transaction.jdbc.JdbcTransaction - Closing JDBC Connection [oracle.jdbc.driver.T4CConnection@386d3a8f]
2023-09-09 16:10:30.405 [http-nio-80-exec-12] DEBUG org.apache.ibatis.datasource.pooled.PooledDataSource - Returned connection 946682511 to pool.
2023-09-09 16:12:42.358 [http-nio-80-exec-3] DEBUG org.apache.ibatis.logging.LogFactory - Logging initialized using 'class org.apache.ibatis.logging.log4j2.Log4j2Impl' adapter.
2023-09-09 16:12:42.462 [http-nio-80-exec-3] DEBUG org.apache.ibatis.datasource.pooled.PooledDataSource - PooledDataSource forcefully closed/removed all connections.
2023-09-09 16:12:42.462 [http-nio-80-exec-3] DEBUG org.apache.ibatis.datasource.pooled.PooledDataSource - PooledDataSource forcefully closed/removed all connections.
2023-09-09 16:12:42.462 [http-nio-80-exec-3] DEBUG org.apache.ibatis.datasource.pooled.PooledDataSource - PooledDataSource forcefully closed/removed all connections.
2023-09-09 16:12:42.462 [http-nio-80-exec-3] DEBUG org.apache.ibatis.datasource.pooled.PooledDataSource - PooledDataSource forcefully closed/removed all connections.
2023-09-09 16:12:42.462 [http-nio-80-exec-3] DEBUG org.apache.ibatis.datasource.pooled.PooledDataSource - PooledDataSource forcefully closed/removed all connections.
2023-09-09 16:12:42.462 [http-nio-80-exec-3] DEBUG org.apache.ibatis.datasource.pooled.PooledDataSource - PooledDataSource forcefully closed/removed all connections.
2023-09-09 16:12:42.604 [http-nio-80-exec-3] DEBUG org.apache.ibatis.transaction.jdbc.JdbcTransaction - Opening JDBC Connection
2023-09-09 16:12:42.950 [http-nio-80-exec-3] DEBUG org.apache.ibatis.datasource.pooled.PooledDataSource - Created connection 705982229.
2023-09-09 16:12:42.952 [http-nio-80-exec-3] DEBUG employee.selectAll - ==>  Preparing: select * from EMPLOYEE order by emp_no 
2023-09-09 16:12:43.065 [http-nio-80-exec-3] DEBUG employee.selectAll - ==> Parameters: 
2023-09-09 16:12:43.096 [http-nio-80-exec-3] TRACE employee.selectAll - <==    Columns: EMP_NO, EMP_PW, EMP_ADDR, EMP_TEL, EMP_EMAIL, EMP_NAME, EMP_POSIT, EMP_STATE, ADMIN_CODE, DEPT_CODE
2023-09-09 16:12:43.101 [http-nio-80-exec-3] TRACE employee.selectAll - <==        Row: 1, 2, 2, 2, 2, 왜 너만 안지워져, 3, 2, 1, 1
2023-09-09 16:12:43.102 [http-nio-80-exec-3] TRACE employee.selectAll - <==        Row: 10, 2, 자동채번, 010-134-134, kim@nvaer.com, tkqjs, 자동, 1, 1, 1
2023-09-09 16:12:43.103 [http-nio-80-exec-3] TRACE employee.selectAll - <==        Row: 11, 123, 으아아앜!!!!!!!, 010-2552-2453, 으앜, 흐아, 으아, 1, 1, 1
2023-09-09 16:12:43.103 [http-nio-80-exec-3] TRACE employee.selectAll - <==        Row: 12, 123123, 되나???어??, 010-1234-1340, 되나?, 어?, 되나?, 1, 0, 1
2023-09-09 16:12:43.103 [http-nio-80-exec-3] TRACE employee.selectAll - <==        Row: 13, 111, 아, 아, 아, 아, 아, 1, 1, 1
2023-09-09 16:12:43.103 [http-nio-80-exec-3] TRACE employee.selectAll - <==        Row: 14, 5Oa)6Ul@, ㄹ, ㅇ, ㄹ, ㅇ, ㅇ, 1, 1, 1
2023-09-09 16:12:43.104 [http-nio-80-exec-3] DEBUG employee.selectAll - <==      Total: 6
2023-09-09 16:12:43.104 [http-nio-80-exec-3] DEBUG org.apache.ibatis.transaction.jdbc.JdbcTransaction - Closing JDBC Connection [oracle.jdbc.driver.T4CConnection@2a146f15]
2023-09-09 16:12:43.104 [http-nio-80-exec-3] DEBUG org.apache.ibatis.datasource.pooled.PooledDataSource - Returned connection 705982229 to pool.
2023-09-09 16:13:43.429 [http-nio-80-exec-7] DEBUG org.apache.ibatis.transaction.jdbc.JdbcTransaction - Opening JDBC Connection
2023-09-09 16:13:43.430 [http-nio-80-exec-7] DEBUG org.apache.ibatis.datasource.pooled.PooledDataSource - Checked out connection 705982229 from pool.
2023-09-09 16:13:43.430 [http-nio-80-exec-7] DEBUG org.apache.ibatis.transaction.jdbc.JdbcTransaction - Setting autocommit to false on JDBC Connection [oracle.jdbc.driver.T4CConnection@2a146f15]
2023-09-09 16:13:43.430 [http-nio-80-exec-7] DEBUG employee.joinEmployee - ==>  Preparing: insert into employee(emp_no, emp_pw, emp_addr, emp_tel, emp_email, emp_name, emp_posit, emp_state, admin_code, dept_code) values (EMP_NO_SEQ.nextval, ?, ?, ?, ?, ?, ?, ?, ?, ?) 
2023-09-09 16:13:43.431 [http-nio-80-exec-7] DEBUG employee.joinEmployee - ==> Parameters: 3Sa(8Bh&(String), 불광동(String), 010-6669-6969(String), quddh@naver.com(String), 병다섯개(String), 인턴(String), 1(Integer), 1(Integer), 1(Integer)
2023-09-09 16:13:43.441 [http-nio-80-exec-7] DEBUG employee.joinEmployee - <==    Updates: 1
2023-09-09 16:13:43.441 [http-nio-80-exec-7] DEBUG org.apache.ibatis.transaction.jdbc.JdbcTransaction - Committing JDBC Connection [oracle.jdbc.driver.T4CConnection@2a146f15]
2023-09-09 16:13:43.446 [http-nio-80-exec-7] DEBUG org.apache.ibatis.transaction.jdbc.JdbcTransaction - Resetting autocommit to true on JDBC Connection [oracle.jdbc.driver.T4CConnection@2a146f15]
2023-09-09 16:13:43.446 [http-nio-80-exec-7] DEBUG org.apache.ibatis.transaction.jdbc.JdbcTransaction - Closing JDBC Connection [oracle.jdbc.driver.T4CConnection@2a146f15]
2023-09-09 16:13:43.446 [http-nio-80-exec-7] DEBUG org.apache.ibatis.datasource.pooled.PooledDataSource - Returned connection 705982229 to pool.
2023-09-09 16:16:29.661 [http-nio-80-exec-5] DEBUG org.apache.ibatis.logging.LogFactory - Logging initialized using 'class org.apache.ibatis.logging.log4j2.Log4j2Impl' adapter.
2023-09-09 16:16:29.770 [http-nio-80-exec-5] DEBUG org.apache.ibatis.datasource.pooled.PooledDataSource - PooledDataSource forcefully closed/removed all connections.
2023-09-09 16:16:29.770 [http-nio-80-exec-5] DEBUG org.apache.ibatis.datasource.pooled.PooledDataSource - PooledDataSource forcefully closed/removed all connections.
2023-09-09 16:16:29.770 [http-nio-80-exec-5] DEBUG org.apache.ibatis.datasource.pooled.PooledDataSource - PooledDataSource forcefully closed/removed all connections.
2023-09-09 16:16:29.770 [http-nio-80-exec-5] DEBUG org.apache.ibatis.datasource.pooled.PooledDataSource - PooledDataSource forcefully closed/removed all connections.
2023-09-09 16:16:29.770 [http-nio-80-exec-5] DEBUG org.apache.ibatis.datasource.pooled.PooledDataSource - PooledDataSource forcefully closed/removed all connections.
2023-09-09 16:16:29.770 [http-nio-80-exec-5] DEBUG org.apache.ibatis.datasource.pooled.PooledDataSource - PooledDataSource forcefully closed/removed all connections.
2023-09-09 16:16:29.882 [http-nio-80-exec-5] DEBUG org.apache.ibatis.transaction.jdbc.JdbcTransaction - Opening JDBC Connection
2023-09-09 16:16:30.247 [http-nio-80-exec-5] DEBUG org.apache.ibatis.datasource.pooled.PooledDataSource - Created connection 926459069.
2023-09-09 16:16:30.248 [http-nio-80-exec-5] DEBUG org.apache.ibatis.transaction.jdbc.JdbcTransaction - Setting autocommit to false on JDBC Connection [oracle.jdbc.driver.T4CConnection@3738a4bd]
2023-09-09 16:16:30.250 [http-nio-80-exec-5] DEBUG employee.joinEmployee - ==>  Preparing: insert into employee(emp_no, emp_pw, emp_addr, emp_tel, emp_email, emp_name, emp_posit, emp_state, admin_code, dept_code) values (EMP_NO_SEQ.nextval, ?, ?, ?, ?, ?, ?, ?, ?, ?) 
2023-09-09 16:16:30.370 [http-nio-80-exec-5] DEBUG employee.joinEmployee - ==> Parameters: 1Xi(2Xg&(String), 213(String), 12332322(String), 23(String), ㅁㄴㅇ(String), ㅁㄴㅇ(String), 23(Integer), 1(Integer), 23(Integer)
2023-09-09 16:16:30.388 [http-nio-80-exec-5] DEBUG org.apache.ibatis.transaction.jdbc.JdbcTransaction - Rolling back JDBC Connection [oracle.jdbc.driver.T4CConnection@3738a4bd]
2023-09-09 16:16:30.394 [http-nio-80-exec-5] DEBUG org.apache.ibatis.transaction.jdbc.JdbcTransaction - Resetting autocommit to true on JDBC Connection [oracle.jdbc.driver.T4CConnection@3738a4bd]
2023-09-09 16:16:30.394 [http-nio-80-exec-5] DEBUG org.apache.ibatis.transaction.jdbc.JdbcTransaction - Closing JDBC Connection [oracle.jdbc.driver.T4CConnection@3738a4bd]
2023-09-09 16:16:30.395 [http-nio-80-exec-5] DEBUG org.apache.ibatis.datasource.pooled.PooledDataSource - Returned connection 926459069 to pool.
2023-09-09 16:16:30.434 [http-nio-80-exec-6] DEBUG org.apache.ibatis.transaction.jdbc.JdbcTransaction - Opening JDBC Connection
2023-09-09 16:16:30.434 [http-nio-80-exec-6] DEBUG org.apache.ibatis.datasource.pooled.PooledDataSource - Checked out connection 926459069 from pool.
2023-09-09 16:16:30.434 [http-nio-80-exec-6] DEBUG employee.selectAll - ==>  Preparing: select * from EMPLOYEE order by emp_no 
2023-09-09 16:16:30.434 [http-nio-80-exec-6] DEBUG employee.selectAll - ==> Parameters: 
2023-09-09 16:16:30.465 [http-nio-80-exec-6] TRACE employee.selectAll - <==    Columns: EMP_NO, EMP_PW, EMP_ADDR, EMP_TEL, EMP_EMAIL, EMP_NAME, EMP_POSIT, EMP_STATE, ADMIN_CODE, DEPT_CODE
2023-09-09 16:16:30.471 [http-nio-80-exec-6] TRACE employee.selectAll - <==        Row: 1, 2, 2, 2, 2, 왜 너만 안지워져, 3, 2, 1, 1
2023-09-09 16:16:30.472 [http-nio-80-exec-6] TRACE employee.selectAll - <==        Row: 10, 2, 자동채번, 010-134-134, kim@nvaer.com, tkqjs, 자동, 1, 1, 1
2023-09-09 16:16:30.473 [http-nio-80-exec-6] TRACE employee.selectAll - <==        Row: 11, 123, 으아아앜!!!!!!!, 010-2552-2453, 으앜, 흐아, 으아, 1, 1, 1
2023-09-09 16:16:30.473 [http-nio-80-exec-6] TRACE employee.selectAll - <==        Row: 12, 123123, 되나???어??, 010-1234-1340, 되나?, 어?, 되나?, 1, 0, 1
2023-09-09 16:16:30.473 [http-nio-80-exec-6] TRACE employee.selectAll - <==        Row: 13, 111, 아, 아, 아, 아, 아, 1, 1, 1
2023-09-09 16:16:30.473 [http-nio-80-exec-6] TRACE employee.selectAll - <==        Row: 14, 5Oa)6Ul@, ㄹ, ㅇ, ㄹ, ㅇ, ㅇ, 1, 1, 1
2023-09-09 16:16:30.474 [http-nio-80-exec-6] TRACE employee.selectAll - <==        Row: 15, 3Sa(8Bh&, 불광동, 010-6669-6969, quddh@naver.com, 병다섯개, 인턴, 1, 1, 1
2023-09-09 16:16:30.474 [http-nio-80-exec-6] DEBUG employee.selectAll - <==      Total: 7
2023-09-09 16:16:30.474 [http-nio-80-exec-6] DEBUG org.apache.ibatis.transaction.jdbc.JdbcTransaction - Closing JDBC Connection [oracle.jdbc.driver.T4CConnection@3738a4bd]
2023-09-09 16:16:30.474 [http-nio-80-exec-6] DEBUG org.apache.ibatis.datasource.pooled.PooledDataSource - Returned connection 926459069 to pool.
2023-09-09 16:17:46.633 [http-nio-80-exec-3] DEBUG org.apache.ibatis.transaction.jdbc.JdbcTransaction - Opening JDBC Connection
2023-09-09 16:17:46.633 [http-nio-80-exec-3] DEBUG org.apache.ibatis.datasource.pooled.PooledDataSource - Checked out connection 926459069 from pool.
2023-09-09 16:17:46.633 [http-nio-80-exec-3] DEBUG org.apache.ibatis.transaction.jdbc.JdbcTransaction - Setting autocommit to false on JDBC Connection [oracle.jdbc.driver.T4CConnection@3738a4bd]
2023-09-09 16:17:46.633 [http-nio-80-exec-3] DEBUG employee.joinEmployee - ==>  Preparing: insert into employee(emp_no, emp_pw, emp_addr, emp_tel, emp_email, emp_name, emp_posit, emp_state, admin_code, dept_code) values (EMP_NO_SEQ.nextval, ?, ?, ?, ?, ?, ?, ?, ?, ?) 
2023-09-09 16:17:46.633 [http-nio-80-exec-3] DEBUG employee.joinEmployee - ==> Parameters: 4Ef&9Ab#(String), ㄴㅁㅇ(String), ㅇ(String), ㅇ(String), 테스트(String), 테테(String), 1(Integer), 1(Integer), 1(Integer)
2023-09-09 16:17:46.639 [http-nio-80-exec-3] DEBUG employee.joinEmployee - <==    Updates: 1
2023-09-09 16:17:46.639 [http-nio-80-exec-3] DEBUG org.apache.ibatis.transaction.jdbc.JdbcTransaction - Committing JDBC Connection [oracle.jdbc.driver.T4CConnection@3738a4bd]
2023-09-09 16:17:46.644 [http-nio-80-exec-3] DEBUG org.apache.ibatis.transaction.jdbc.JdbcTransaction - Resetting autocommit to true on JDBC Connection [oracle.jdbc.driver.T4CConnection@3738a4bd]
2023-09-09 16:17:46.644 [http-nio-80-exec-3] DEBUG org.apache.ibatis.transaction.jdbc.JdbcTransaction - Closing JDBC Connection [oracle.jdbc.driver.T4CConnection@3738a4bd]
2023-09-09 16:17:46.644 [http-nio-80-exec-3] DEBUG org.apache.ibatis.datasource.pooled.PooledDataSource - Returned connection 926459069 to pool.
2023-09-09 16:20:44.750 [http-nio-80-exec-8] DEBUG org.apache.ibatis.logging.LogFactory - Logging initialized using 'class org.apache.ibatis.logging.log4j2.Log4j2Impl' adapter.
2023-09-09 16:20:44.849 [http-nio-80-exec-8] DEBUG org.apache.ibatis.datasource.pooled.PooledDataSource - PooledDataSource forcefully closed/removed all connections.
2023-09-09 16:20:44.849 [http-nio-80-exec-8] DEBUG org.apache.ibatis.datasource.pooled.PooledDataSource - PooledDataSource forcefully closed/removed all connections.
2023-09-09 16:20:44.850 [http-nio-80-exec-8] DEBUG org.apache.ibatis.datasource.pooled.PooledDataSource - PooledDataSource forcefully closed/removed all connections.
2023-09-09 16:20:44.850 [http-nio-80-exec-8] DEBUG org.apache.ibatis.datasource.pooled.PooledDataSource - PooledDataSource forcefully closed/removed all connections.
2023-09-09 16:20:44.850 [http-nio-80-exec-8] DEBUG org.apache.ibatis.datasource.pooled.PooledDataSource - PooledDataSource forcefully closed/removed all connections.
2023-09-09 16:20:44.850 [http-nio-80-exec-8] DEBUG org.apache.ibatis.datasource.pooled.PooledDataSource - PooledDataSource forcefully closed/removed all connections.
2023-09-09 16:20:44.954 [http-nio-80-exec-8] DEBUG org.apache.ibatis.transaction.jdbc.JdbcTransaction - Opening JDBC Connection
2023-09-09 16:20:45.316 [http-nio-80-exec-8] DEBUG org.apache.ibatis.datasource.pooled.PooledDataSource - Created connection 1845379551.
2023-09-09 16:20:45.316 [http-nio-80-exec-8] DEBUG org.apache.ibatis.transaction.jdbc.JdbcTransaction - Setting autocommit to false on JDBC Connection [oracle.jdbc.driver.T4CConnection@6dfe41df]
2023-09-09 16:20:45.319 [http-nio-80-exec-8] DEBUG employee.joinEmployee - ==>  Preparing: insert into employee(emp_no, emp_pw, emp_addr, emp_tel, emp_email, emp_name, emp_posit, emp_state, admin_code, dept_code) values (EMP_NO_SEQ.nextval, ?, ?, ?, ?, ?, ?, ?, ?, ?) 
2023-09-09 16:20:45.438 [http-nio-80-exec-8] DEBUG employee.joinEmployee - ==> Parameters: 2Sq@0Bd^(String), 123(String), 010-5555-5555(String), test@test.test(String), 테스트(String), 테스트(String), 1(Integer), 1(Integer), 1(Integer)
2023-09-09 16:20:45.449 [http-nio-80-exec-8] DEBUG employee.joinEmployee - <==    Updates: 1
2023-09-09 16:20:45.450 [http-nio-80-exec-8] DEBUG org.apache.ibatis.transaction.jdbc.JdbcTransaction - Committing JDBC Connection [oracle.jdbc.driver.T4CConnection@6dfe41df]
2023-09-09 16:20:45.454 [http-nio-80-exec-8] DEBUG org.apache.ibatis.transaction.jdbc.JdbcTransaction - Resetting autocommit to true on JDBC Connection [oracle.jdbc.driver.T4CConnection@6dfe41df]
2023-09-09 16:20:45.454 [http-nio-80-exec-8] DEBUG org.apache.ibatis.transaction.jdbc.JdbcTransaction - Closing JDBC Connection [oracle.jdbc.driver.T4CConnection@6dfe41df]
2023-09-09 16:20:45.454 [http-nio-80-exec-8] DEBUG org.apache.ibatis.datasource.pooled.PooledDataSource - Returned connection 1845379551 to pool.
2023-09-09 16:20:46.174 [http-nio-80-exec-8] DEBUG org.apache.ibatis.transaction.jdbc.JdbcTransaction - Opening JDBC Connection
2023-09-09 16:20:46.174 [http-nio-80-exec-8] DEBUG org.apache.ibatis.datasource.pooled.PooledDataSource - Checked out connection 1845379551 from pool.
2023-09-09 16:20:46.174 [http-nio-80-exec-8] DEBUG employee.selectAll - ==>  Preparing: select * from EMPLOYEE order by emp_no 
2023-09-09 16:20:46.174 [http-nio-80-exec-8] DEBUG employee.selectAll - ==> Parameters: 
2023-09-09 16:20:46.201 [http-nio-80-exec-8] TRACE employee.selectAll - <==    Columns: EMP_NO, EMP_PW, EMP_ADDR, EMP_TEL, EMP_EMAIL, EMP_NAME, EMP_POSIT, EMP_STATE, ADMIN_CODE, DEPT_CODE
2023-09-09 16:20:46.205 [http-nio-80-exec-8] TRACE employee.selectAll - <==        Row: 1, 2, 2, 2, 2, 왜 너만 안지워져, 3, 2, 1, 1
2023-09-09 16:20:46.205 [http-nio-80-exec-8] TRACE employee.selectAll - <==        Row: 10, 2, 자동채번, 010-134-134, kim@nvaer.com, tkqjs, 자동, 1, 1, 1
2023-09-09 16:20:46.206 [http-nio-80-exec-8] TRACE employee.selectAll - <==        Row: 11, 123, 으아아앜!!!!!!!, 010-2552-2453, 으앜, 흐아, 으아, 1, 1, 1
2023-09-09 16:20:46.206 [http-nio-80-exec-8] TRACE employee.selectAll - <==        Row: 12, 123123, 되나???어??, 010-1234-1340, 되나?, 어?, 되나?, 1, 0, 1
2023-09-09 16:20:46.206 [http-nio-80-exec-8] TRACE employee.selectAll - <==        Row: 13, 111, 아, 아, 아, 아, 아, 1, 1, 1
2023-09-09 16:20:46.207 [http-nio-80-exec-8] TRACE employee.selectAll - <==        Row: 14, 5Oa)6Ul@, ㄹ, ㅇ, ㄹ, ㅇ, ㅇ, 1, 1, 1
2023-09-09 16:20:46.207 [http-nio-80-exec-8] TRACE employee.selectAll - <==        Row: 15, 3Sa(8Bh&, 불광동, 010-6669-6969, quddh@naver.com, 병다섯개, 인턴, 1, 1, 1
2023-09-09 16:20:46.207 [http-nio-80-exec-8] TRACE employee.selectAll - <==        Row: 17, 4Ef&9Ab#, ㄴㅁㅇ, ㅇ, ㅇ, 테스트, 테테, 1, 1, 1
2023-09-09 16:20:46.207 [http-nio-80-exec-8] TRACE employee.selectAll - <==        Row: 18, 2Sq@0Bd^, 123, 010-5555-5555, test@test.test, 테스트, 테스트, 1, 1, 1
2023-09-09 16:20:46.208 [http-nio-80-exec-8] DEBUG employee.selectAll - <==      Total: 9
2023-09-09 16:20:46.208 [http-nio-80-exec-8] DEBUG org.apache.ibatis.transaction.jdbc.JdbcTransaction - Closing JDBC Connection [oracle.jdbc.driver.T4CConnection@6dfe41df]
2023-09-09 16:20:46.208 [http-nio-80-exec-8] DEBUG org.apache.ibatis.datasource.pooled.PooledDataSource - Returned connection 1845379551 to pool.
2023-09-09 16:24:18.873 [http-nio-80-exec-10] DEBUG org.apache.ibatis.logging.LogFactory - Logging initialized using 'class org.apache.ibatis.logging.log4j2.Log4j2Impl' adapter.
2023-09-09 16:24:18.967 [http-nio-80-exec-10] DEBUG org.apache.ibatis.datasource.pooled.PooledDataSource - PooledDataSource forcefully closed/removed all connections.
2023-09-09 16:24:18.967 [http-nio-80-exec-10] DEBUG org.apache.ibatis.datasource.pooled.PooledDataSource - PooledDataSource forcefully closed/removed all connections.
2023-09-09 16:24:18.967 [http-nio-80-exec-10] DEBUG org.apache.ibatis.datasource.pooled.PooledDataSource - PooledDataSource forcefully closed/removed all connections.
2023-09-09 16:24:18.967 [http-nio-80-exec-10] DEBUG org.apache.ibatis.datasource.pooled.PooledDataSource - PooledDataSource forcefully closed/removed all connections.
2023-09-09 16:24:18.967 [http-nio-80-exec-10] DEBUG org.apache.ibatis.datasource.pooled.PooledDataSource - PooledDataSource forcefully closed/removed all connections.
2023-09-09 16:24:18.967 [http-nio-80-exec-10] DEBUG org.apache.ibatis.datasource.pooled.PooledDataSource - PooledDataSource forcefully closed/removed all connections.
2023-09-09 16:24:19.072 [http-nio-80-exec-10] DEBUG org.apache.ibatis.transaction.jdbc.JdbcTransaction - Opening JDBC Connection
2023-09-09 16:24:19.435 [http-nio-80-exec-10] DEBUG org.apache.ibatis.datasource.pooled.PooledDataSource - Created connection 1992502389.
2023-09-09 16:24:19.435 [http-nio-80-exec-10] DEBUG org.apache.ibatis.transaction.jdbc.JdbcTransaction - Setting autocommit to false on JDBC Connection [oracle.jdbc.driver.T4CConnection@76c32c75]
2023-09-09 16:24:19.438 [http-nio-80-exec-10] DEBUG employee.joinEmployee - ==>  Preparing: insert into employee(emp_no, emp_pw, emp_addr, emp_tel, emp_email, emp_name, emp_posit, emp_state, admin_code, dept_code) values (EMP_NO_SEQ.nextval, ?, ?, ?, ?, ?, ?, ?, ?, ?) 
2023-09-09 16:24:19.555 [http-nio-80-exec-10] DEBUG employee.joinEmployee - ==> Parameters: 5Tg)5Qx*(String), 한강뷰 아파트(String), 010-6669-6969(String), kimgudals91@naver.com(String), 김형민(String), 이사(String), 1(Integer), 1(Integer), 1(Integer)
2023-09-09 16:24:19.568 [http-nio-80-exec-10] DEBUG employee.joinEmployee - <==    Updates: 1
2023-09-09 16:24:19.569 [http-nio-80-exec-10] DEBUG org.apache.ibatis.transaction.jdbc.JdbcTransaction - Committing JDBC Connection [oracle.jdbc.driver.T4CConnection@76c32c75]
2023-09-09 16:24:19.582 [http-nio-80-exec-10] DEBUG org.apache.ibatis.transaction.jdbc.JdbcTransaction - Resetting autocommit to true on JDBC Connection [oracle.jdbc.driver.T4CConnection@76c32c75]
2023-09-09 16:24:19.582 [http-nio-80-exec-10] DEBUG org.apache.ibatis.transaction.jdbc.JdbcTransaction - Closing JDBC Connection [oracle.jdbc.driver.T4CConnection@76c32c75]
2023-09-09 16:24:19.582 [http-nio-80-exec-10] DEBUG org.apache.ibatis.datasource.pooled.PooledDataSource - Returned connection 1992502389 to pool.
2023-09-09 16:24:20.285 [http-nio-80-exec-1] DEBUG org.apache.ibatis.transaction.jdbc.JdbcTransaction - Opening JDBC Connection
2023-09-09 16:24:20.286 [http-nio-80-exec-1] DEBUG org.apache.ibatis.datasource.pooled.PooledDataSource - Checked out connection 1992502389 from pool.
2023-09-09 16:24:20.286 [http-nio-80-exec-1] DEBUG employee.selectAll - ==>  Preparing: select * from EMPLOYEE order by emp_no 
2023-09-09 16:24:20.286 [http-nio-80-exec-1] DEBUG employee.selectAll - ==> Parameters: 
2023-09-09 16:24:20.312 [http-nio-80-exec-1] TRACE employee.selectAll - <==    Columns: EMP_NO, EMP_PW, EMP_ADDR, EMP_TEL, EMP_EMAIL, EMP_NAME, EMP_POSIT, EMP_STATE, ADMIN_CODE, DEPT_CODE
2023-09-09 16:24:20.316 [http-nio-80-exec-1] TRACE employee.selectAll - <==        Row: 1, 2, 2, 2, 2, 왜 너만 안지워져, 3, 2, 1, 1
2023-09-09 16:24:20.317 [http-nio-80-exec-1] TRACE employee.selectAll - <==        Row: 10, 2, 자동채번, 010-134-134, kim@nvaer.com, tkqjs, 자동, 1, 1, 1
2023-09-09 16:24:20.318 [http-nio-80-exec-1] TRACE employee.selectAll - <==        Row: 11, 123, 으아아앜!!!!!!!, 010-2552-2453, 으앜, 흐아, 으아, 1, 1, 1
2023-09-09 16:24:20.318 [http-nio-80-exec-1] TRACE employee.selectAll - <==        Row: 12, 123123, 되나???어??, 010-1234-1340, 되나?, 어?, 되나?, 1, 0, 1
2023-09-09 16:24:20.318 [http-nio-80-exec-1] TRACE employee.selectAll - <==        Row: 13, 111, 아, 아, 아, 아, 아, 1, 1, 1
2023-09-09 16:24:20.319 [http-nio-80-exec-1] TRACE employee.selectAll - <==        Row: 14, 5Oa)6Ul@, ㄹ, ㅇ, ㄹ, ㅇ, ㅇ, 1, 1, 1
2023-09-09 16:24:20.319 [http-nio-80-exec-1] TRACE employee.selectAll - <==        Row: 15, 3Sa(8Bh&, 불광동, 010-6669-6969, quddh@naver.com, 병다섯개, 인턴, 1, 1, 1
2023-09-09 16:24:20.319 [http-nio-80-exec-1] TRACE employee.selectAll - <==        Row: 17, 4Ef&9Ab#, ㄴㅁㅇ, ㅇ, ㅇ, 테스트, 테테, 1, 1, 1
2023-09-09 16:24:20.319 [http-nio-80-exec-1] TRACE employee.selectAll - <==        Row: 18, 2Sq@0Bd^, 123, 010-5555-5555, test@test.test, 테스트, 테스트, 1, 1, 1
2023-09-09 16:24:20.320 [http-nio-80-exec-1] TRACE employee.selectAll - <==        Row: 19, 5Tg)5Qx*, 한강뷰 아파트, 010-6669-6969, kimgudals91@naver.com, 김형민, 이사, 1, 1, 1
2023-09-09 16:24:20.324 [http-nio-80-exec-1] DEBUG employee.selectAll - <==      Total: 10
2023-09-09 16:24:20.324 [http-nio-80-exec-1] DEBUG org.apache.ibatis.transaction.jdbc.JdbcTransaction - Closing JDBC Connection [oracle.jdbc.driver.T4CConnection@76c32c75]
2023-09-09 16:24:20.324 [http-nio-80-exec-1] DEBUG org.apache.ibatis.datasource.pooled.PooledDataSource - Returned connection 1992502389 to pool.
2023-09-09 16:26:33.499 [http-nio-80-exec-7] DEBUG org.apache.ibatis.transaction.jdbc.JdbcTransaction - Opening JDBC Connection
2023-09-09 16:26:33.499 [http-nio-80-exec-7] DEBUG org.apache.ibatis.datasource.pooled.PooledDataSource - Checked out connection 1992502389 from pool.
2023-09-09 16:26:33.499 [http-nio-80-exec-7] DEBUG org.apache.ibatis.transaction.jdbc.JdbcTransaction - Setting autocommit to false on JDBC Connection [oracle.jdbc.driver.T4CConnection@76c32c75]
2023-09-09 16:26:33.500 [http-nio-80-exec-7] DEBUG employee.joinEmployee - ==>  Preparing: insert into employee(emp_no, emp_pw, emp_addr, emp_tel, emp_email, emp_name, emp_posit, emp_state, admin_code, dept_code) values (EMP_NO_SEQ.nextval, ?, ?, ?, ?, ?, ?, ?, ?, ?) 
2023-09-09 16:26:33.500 [http-nio-80-exec-7] DEBUG employee.joinEmployee - ==> Parameters: 7Xh$4Xh!(String), 키야 이게되네(String), 010-2345-9590(String), kimgudals91@naver.com(String), 김태현(String), 상무(String), 1(Integer), 1(Integer), 1(Integer)
2023-09-09 16:26:33.505 [http-nio-80-exec-7] DEBUG employee.joinEmployee - <==    Updates: 1
2023-09-09 16:26:33.505 [http-nio-80-exec-7] DEBUG org.apache.ibatis.transaction.jdbc.JdbcTransaction - Committing JDBC Connection [oracle.jdbc.driver.T4CConnection@76c32c75]
2023-09-09 16:26:33.509 [http-nio-80-exec-7] DEBUG org.apache.ibatis.transaction.jdbc.JdbcTransaction - Resetting autocommit to true on JDBC Connection [oracle.jdbc.driver.T4CConnection@76c32c75]
2023-09-09 16:26:33.509 [http-nio-80-exec-7] DEBUG org.apache.ibatis.transaction.jdbc.JdbcTransaction - Closing JDBC Connection [oracle.jdbc.driver.T4CConnection@76c32c75]
2023-09-09 16:26:33.509 [http-nio-80-exec-7] DEBUG org.apache.ibatis.datasource.pooled.PooledDataSource - Returned connection 1992502389 to pool.
2023-09-09 16:26:33.906 [http-nio-80-exec-7] DEBUG org.apache.ibatis.transaction.jdbc.JdbcTransaction - Opening JDBC Connection
2023-09-09 16:26:33.906 [http-nio-80-exec-7] DEBUG org.apache.ibatis.datasource.pooled.PooledDataSource - Checked out connection 1992502389 from pool.
2023-09-09 16:26:33.906 [http-nio-80-exec-7] DEBUG employee.selectAll - ==>  Preparing: select * from EMPLOYEE order by emp_no 
2023-09-09 16:26:33.906 [http-nio-80-exec-7] DEBUG employee.selectAll - ==> Parameters: 
2023-09-09 16:26:33.910 [http-nio-80-exec-7] TRACE employee.selectAll - <==    Columns: EMP_NO, EMP_PW, EMP_ADDR, EMP_TEL, EMP_EMAIL, EMP_NAME, EMP_POSIT, EMP_STATE, ADMIN_CODE, DEPT_CODE
2023-09-09 16:26:33.910 [http-nio-80-exec-7] TRACE employee.selectAll - <==        Row: 1, 2, 2, 2, 2, 왜 너만 안지워져, 3, 2, 1, 1
2023-09-09 16:26:33.910 [http-nio-80-exec-7] TRACE employee.selectAll - <==        Row: 10, 2, 자동채번, 010-134-134, kim@nvaer.com, tkqjs, 자동, 1, 1, 1
2023-09-09 16:26:33.910 [http-nio-80-exec-7] TRACE employee.selectAll - <==        Row: 11, 123, 으아아앜!!!!!!!, 010-2552-2453, 으앜, 흐아, 으아, 1, 1, 1
2023-09-09 16:26:33.911 [http-nio-80-exec-7] TRACE employee.selectAll - <==        Row: 12, 123123, 되나???어??, 010-1234-1340, 되나?, 어?, 되나?, 1, 0, 1
2023-09-09 16:26:33.911 [http-nio-80-exec-7] TRACE employee.selectAll - <==        Row: 13, 111, 아, 아, 아, 아, 아, 1, 1, 1
2023-09-09 16:26:33.911 [http-nio-80-exec-7] TRACE employee.selectAll - <==        Row: 14, 5Oa)6Ul@, ㄹ, ㅇ, ㄹ, ㅇ, ㅇ, 1, 1, 1
2023-09-09 16:26:33.913 [http-nio-80-exec-7] TRACE employee.selectAll - <==        Row: 15, 3Sa(8Bh&, 불광동, 010-6669-6969, quddh@naver.com, 병다섯개, 인턴, 1, 1, 1
2023-09-09 16:26:33.913 [http-nio-80-exec-7] TRACE employee.selectAll - <==        Row: 17, 4Ef&9Ab#, ㄴㅁㅇ, ㅇ, ㅇ, 테스트, 테테, 1, 1, 1
2023-09-09 16:26:33.913 [http-nio-80-exec-7] TRACE employee.selectAll - <==        Row: 18, 2Sq@0Bd^, 123, 010-5555-5555, test@test.test, 테스트, 테스트, 1, 1, 1
2023-09-09 16:26:33.913 [http-nio-80-exec-7] TRACE employee.selectAll - <==        Row: 19, 5Tg)5Qx*, 한강뷰 아파트, 010-6669-6969, kimgudals91@naver.com, 김형민, 이사, 1, 1, 1
2023-09-09 16:26:33.918 [http-nio-80-exec-7] TRACE employee.selectAll - <==        Row: 20, 7Xh$4Xh!, 키야 이게되네, 010-2345-9590, kimgudals91@naver.com, 김태현, 상무, 1, 1, 1
2023-09-09 16:26:33.918 [http-nio-80-exec-7] DEBUG employee.selectAll - <==      Total: 11
2023-09-09 16:26:33.918 [http-nio-80-exec-7] DEBUG org.apache.ibatis.transaction.jdbc.JdbcTransaction - Closing JDBC Connection [oracle.jdbc.driver.T4CConnection@76c32c75]
2023-09-09 16:26:33.918 [http-nio-80-exec-7] DEBUG org.apache.ibatis.datasource.pooled.PooledDataSource - Returned connection 1992502389 to pool.
2023-09-09 16:29:05.787 [http-nio-80-exec-3] DEBUG org.apache.ibatis.logging.LogFactory - Logging initialized using 'class org.apache.ibatis.logging.log4j2.Log4j2Impl' adapter.
2023-09-09 16:29:05.872 [http-nio-80-exec-3] DEBUG org.apache.ibatis.datasource.pooled.PooledDataSource - PooledDataSource forcefully closed/removed all connections.
2023-09-09 16:29:05.872 [http-nio-80-exec-3] DEBUG org.apache.ibatis.datasource.pooled.PooledDataSource - PooledDataSource forcefully closed/removed all connections.
2023-09-09 16:29:05.872 [http-nio-80-exec-3] DEBUG org.apache.ibatis.datasource.pooled.PooledDataSource - PooledDataSource forcefully closed/removed all connections.
2023-09-09 16:29:05.872 [http-nio-80-exec-3] DEBUG org.apache.ibatis.datasource.pooled.PooledDataSource - PooledDataSource forcefully closed/removed all connections.
2023-09-09 16:29:05.872 [http-nio-80-exec-3] DEBUG org.apache.ibatis.datasource.pooled.PooledDataSource - PooledDataSource forcefully closed/removed all connections.
2023-09-09 16:29:05.872 [http-nio-80-exec-3] DEBUG org.apache.ibatis.datasource.pooled.PooledDataSource - PooledDataSource forcefully closed/removed all connections.
2023-09-09 16:29:05.965 [http-nio-80-exec-3] DEBUG org.apache.ibatis.transaction.jdbc.JdbcTransaction - Opening JDBC Connection
2023-09-09 16:29:06.288 [http-nio-80-exec-3] DEBUG org.apache.ibatis.datasource.pooled.PooledDataSource - Created connection 694507898.
2023-09-09 16:29:06.289 [http-nio-80-exec-3] DEBUG org.apache.ibatis.transaction.jdbc.JdbcTransaction - Setting autocommit to false on JDBC Connection [oracle.jdbc.driver.T4CConnection@2965597a]
2023-09-09 16:29:06.291 [http-nio-80-exec-3] DEBUG employee.joinEmployee - ==>  Preparing: insert into employee(emp_no, emp_pw, emp_addr, emp_tel, emp_email, emp_name, emp_posit, emp_state, admin_code, dept_code) values (EMP_NO_SEQ.nextval, ?, ?, ?, ?, ?, ?, ?, ?, ?) 
2023-09-09 16:29:06.393 [http-nio-80-exec-3] DEBUG employee.joinEmployee - ==> Parameters: 1Tq)4Qk*(String), 미쳐버렸어(String), 미쳤다고(String), kimgudals91@naver.com(String), 개신기함(String), 개신기하다고(String), 1(Integer), 1(Integer), 1(Integer)
2023-09-09 16:29:06.403 [http-nio-80-exec-3] DEBUG employee.joinEmployee - <==    Updates: 1
2023-09-09 16:29:06.403 [http-nio-80-exec-3] DEBUG org.apache.ibatis.transaction.jdbc.JdbcTransaction - Committing JDBC Connection [oracle.jdbc.driver.T4CConnection@2965597a]
2023-09-09 16:29:06.407 [http-nio-80-exec-3] DEBUG org.apache.ibatis.transaction.jdbc.JdbcTransaction - Resetting autocommit to true on JDBC Connection [oracle.jdbc.driver.T4CConnection@2965597a]
2023-09-09 16:29:06.407 [http-nio-80-exec-3] DEBUG org.apache.ibatis.transaction.jdbc.JdbcTransaction - Closing JDBC Connection [oracle.jdbc.driver.T4CConnection@2965597a]
2023-09-09 16:29:06.407 [http-nio-80-exec-3] DEBUG org.apache.ibatis.datasource.pooled.PooledDataSource - Returned connection 694507898 to pool.
2023-09-09 16:29:07.036 [http-nio-80-exec-3] DEBUG org.apache.ibatis.transaction.jdbc.JdbcTransaction - Opening JDBC Connection
2023-09-09 16:29:07.036 [http-nio-80-exec-3] DEBUG org.apache.ibatis.datasource.pooled.PooledDataSource - Checked out connection 694507898 from pool.
2023-09-09 16:29:07.036 [http-nio-80-exec-3] DEBUG employee.selectAll - ==>  Preparing: select * from EMPLOYEE order by emp_no 
2023-09-09 16:29:07.036 [http-nio-80-exec-3] DEBUG employee.selectAll - ==> Parameters: 
2023-09-09 16:29:07.061 [http-nio-80-exec-3] TRACE employee.selectAll - <==    Columns: EMP_NO, EMP_PW, EMP_ADDR, EMP_TEL, EMP_EMAIL, EMP_NAME, EMP_POSIT, EMP_STATE, ADMIN_CODE, DEPT_CODE
2023-09-09 16:29:07.066 [http-nio-80-exec-3] TRACE employee.selectAll - <==        Row: 1, 2, 2, 2, 2, 왜 너만 안지워져, 3, 2, 1, 1
2023-09-09 16:29:07.067 [http-nio-80-exec-3] TRACE employee.selectAll - <==        Row: 10, 2, 자동채번, 010-134-134, kim@nvaer.com, tkqjs, 자동, 1, 1, 1
2023-09-09 16:29:07.067 [http-nio-80-exec-3] TRACE employee.selectAll - <==        Row: 11, 123, 으아아앜!!!!!!!, 010-2552-2453, 으앜, 흐아, 으아, 1, 1, 1
2023-09-09 16:29:07.067 [http-nio-80-exec-3] TRACE employee.selectAll - <==        Row: 12, 123123, 되나???어??, 010-1234-1340, 되나?, 어?, 되나?, 1, 0, 1
2023-09-09 16:29:07.068 [http-nio-80-exec-3] TRACE employee.selectAll - <==        Row: 13, 111, 아, 아, 아, 아, 아, 1, 1, 1
2023-09-09 16:29:07.068 [http-nio-80-exec-3] TRACE employee.selectAll - <==        Row: 14, 5Oa)6Ul@, ㄹ, ㅇ, ㄹ, ㅇ, ㅇ, 1, 1, 1
2023-09-09 16:29:07.068 [http-nio-80-exec-3] TRACE employee.selectAll - <==        Row: 15, 3Sa(8Bh&, 불광동, 010-6669-6969, quddh@naver.com, 병다섯개, 인턴, 1, 1, 1
2023-09-09 16:29:07.068 [http-nio-80-exec-3] TRACE employee.selectAll - <==        Row: 17, 4Ef&9Ab#, ㄴㅁㅇ, ㅇ, ㅇ, 테스트, 테테, 1, 1, 1
2023-09-09 16:29:07.069 [http-nio-80-exec-3] TRACE employee.selectAll - <==        Row: 18, 2Sq@0Bd^, 123, 010-5555-5555, test@test.test, 테스트, 테스트, 1, 1, 1
2023-09-09 16:29:07.069 [http-nio-80-exec-3] TRACE employee.selectAll - <==        Row: 19, 5Tg)5Qx*, 한강뷰 아파트, 010-6669-6969, kimgudals91@naver.com, 김형민, 이사, 1, 1, 1
2023-09-09 16:29:07.073 [http-nio-80-exec-3] TRACE employee.selectAll - <==        Row: 20, 7Xh$4Xh!, 키야 이게되네, 010-2345-9590, kimgudals91@naver.com, 김태현, 상무, 1, 1, 1
2023-09-09 16:29:07.073 [http-nio-80-exec-3] TRACE employee.selectAll - <==        Row: 21, 1Tq)4Qk*, 미쳐버렸어, 미쳤다고, kimgudals91@naver.com, 개신기함, 개신기하다고, 1, 1, 1
2023-09-09 16:29:07.074 [http-nio-80-exec-3] DEBUG employee.selectAll - <==      Total: 12
2023-09-09 16:29:07.074 [http-nio-80-exec-3] DEBUG org.apache.ibatis.transaction.jdbc.JdbcTransaction - Closing JDBC Connection [oracle.jdbc.driver.T4CConnection@2965597a]
2023-09-09 16:29:07.074 [http-nio-80-exec-3] DEBUG org.apache.ibatis.datasource.pooled.PooledDataSource - Returned connection 694507898 to pool.
2023-09-09 16:36:30.822 [http-nio-80-exec-4] DEBUG org.apache.ibatis.logging.LogFactory - Logging initialized using 'class org.apache.ibatis.logging.log4j2.Log4j2Impl' adapter.
2023-09-09 16:36:30.903 [http-nio-80-exec-4] DEBUG org.apache.ibatis.datasource.pooled.PooledDataSource - PooledDataSource forcefully closed/removed all connections.
2023-09-09 16:36:30.903 [http-nio-80-exec-4] DEBUG org.apache.ibatis.datasource.pooled.PooledDataSource - PooledDataSource forcefully closed/removed all connections.
2023-09-09 16:36:30.904 [http-nio-80-exec-4] DEBUG org.apache.ibatis.datasource.pooled.PooledDataSource - PooledDataSource forcefully closed/removed all connections.
2023-09-09 16:36:30.904 [http-nio-80-exec-4] DEBUG org.apache.ibatis.datasource.pooled.PooledDataSource - PooledDataSource forcefully closed/removed all connections.
2023-09-09 16:36:30.904 [http-nio-80-exec-4] DEBUG org.apache.ibatis.datasource.pooled.PooledDataSource - PooledDataSource forcefully closed/removed all connections.
2023-09-09 16:36:30.904 [http-nio-80-exec-4] DEBUG org.apache.ibatis.datasource.pooled.PooledDataSource - PooledDataSource forcefully closed/removed all connections.
2023-09-09 16:36:30.983 [http-nio-80-exec-4] DEBUG org.apache.ibatis.transaction.jdbc.JdbcTransaction - Opening JDBC Connection
2023-09-09 16:36:31.200 [http-nio-80-exec-4] DEBUG org.apache.ibatis.datasource.pooled.PooledDataSource - Created connection 1832337110.
2023-09-09 16:36:31.200 [http-nio-80-exec-4] DEBUG org.apache.ibatis.transaction.jdbc.JdbcTransaction - Setting autocommit to false on JDBC Connection [oracle.jdbc.driver.T4CConnection@6d373ed6]
2023-09-09 16:36:31.205 [http-nio-80-exec-4] DEBUG employee.joinEmployee - ==>  Preparing: insert into employee(emp_no, emp_pw, emp_addr, emp_tel, emp_email, emp_name, emp_posit, emp_state, admin_code, dept_code) values (EMP_NO_SEQ.nextval, ?, ?, ?, ?, ?, ?, ?, ?, ?) 
2023-09-09 16:36:31.302 [http-nio-80-exec-4] DEBUG employee.joinEmployee - ==> Parameters: 6Ml^1Th#(String), 돼돼돼됃(String), 되나(String), kimgudals91@naver.com(String), 이러면되나(String), 되려나(String), 1(Integer), 1(Integer), 1(Integer)
2023-09-09 16:36:31.311 [http-nio-80-exec-4] DEBUG employee.joinEmployee - <==    Updates: 1
2023-09-09 16:36:31.312 [http-nio-80-exec-4] DEBUG org.apache.ibatis.transaction.jdbc.JdbcTransaction - Committing JDBC Connection [oracle.jdbc.driver.T4CConnection@6d373ed6]
2023-09-09 16:36:31.317 [http-nio-80-exec-4] DEBUG org.apache.ibatis.transaction.jdbc.JdbcTransaction - Resetting autocommit to true on JDBC Connection [oracle.jdbc.driver.T4CConnection@6d373ed6]
2023-09-09 16:36:31.317 [http-nio-80-exec-4] DEBUG org.apache.ibatis.transaction.jdbc.JdbcTransaction - Closing JDBC Connection [oracle.jdbc.driver.T4CConnection@6d373ed6]
2023-09-09 16:36:31.317 [http-nio-80-exec-4] DEBUG org.apache.ibatis.datasource.pooled.PooledDataSource - Returned connection 1832337110 to pool.
2023-09-09 16:36:31.843 [http-nio-80-exec-4] DEBUG org.apache.ibatis.transaction.jdbc.JdbcTransaction - Opening JDBC Connection
2023-09-09 16:36:31.843 [http-nio-80-exec-4] DEBUG org.apache.ibatis.datasource.pooled.PooledDataSource - Checked out connection 1832337110 from pool.
2023-09-09 16:36:31.843 [http-nio-80-exec-4] DEBUG employee.selectAll - ==>  Preparing: select * from EMPLOYEE order by emp_no 
2023-09-09 16:36:31.843 [http-nio-80-exec-4] DEBUG employee.selectAll - ==> Parameters: 
2023-09-09 16:36:31.861 [http-nio-80-exec-4] TRACE employee.selectAll - <==    Columns: EMP_NO, EMP_PW, EMP_ADDR, EMP_TEL, EMP_EMAIL, EMP_NAME, EMP_POSIT, EMP_STATE, ADMIN_CODE, DEPT_CODE
2023-09-09 16:36:31.864 [http-nio-80-exec-4] TRACE employee.selectAll - <==        Row: 1, 2, 2, 2, 2, 왜 너만 안지워져, 3, 2, 1, 1
2023-09-09 16:36:31.865 [http-nio-80-exec-4] TRACE employee.selectAll - <==        Row: 10, 2, 자동채번, 010-134-134, kim@nvaer.com, tkqjs, 자동, 1, 1, 1
2023-09-09 16:36:31.866 [http-nio-80-exec-4] TRACE employee.selectAll - <==        Row: 11, 123, 으아아앜!!!!!!!, 010-2552-2453, 으앜, 흐아, 으아, 1, 1, 1
2023-09-09 16:36:31.866 [http-nio-80-exec-4] TRACE employee.selectAll - <==        Row: 12, 123123, 되나???어??, 010-1234-1340, 되나?, 어?, 되나?, 1, 0, 1
2023-09-09 16:36:31.866 [http-nio-80-exec-4] TRACE employee.selectAll - <==        Row: 13, 111, 아, 아, 아, 아, 아, 1, 1, 1
2023-09-09 16:36:31.866 [http-nio-80-exec-4] TRACE employee.selectAll - <==        Row: 14, 5Oa)6Ul@, ㄹ, ㅇ, ㄹ, ㅇ, ㅇ, 1, 1, 1
2023-09-09 16:36:31.867 [http-nio-80-exec-4] TRACE employee.selectAll - <==        Row: 15, 3Sa(8Bh&, 불광동, 010-6669-6969, quddh@naver.com, 병다섯개, 인턴, 1, 1, 1
2023-09-09 16:36:31.867 [http-nio-80-exec-4] TRACE employee.selectAll - <==        Row: 17, 4Ef&9Ab#, ㄴㅁㅇ, ㅇ, ㅇ, 테스트, 테테, 1, 1, 1
2023-09-09 16:36:31.867 [http-nio-80-exec-4] TRACE employee.selectAll - <==        Row: 18, 2Sq@0Bd^, 123, 010-5555-5555, test@test.test, 테스트, 테스트, 1, 1, 1
2023-09-09 16:36:31.867 [http-nio-80-exec-4] TRACE employee.selectAll - <==        Row: 19, 5Tg)5Qx*, 한강뷰 아파트, 010-6669-6969, kimgudals91@naver.com, 김형민, 이사, 1, 1, 1
2023-09-09 16:36:31.871 [http-nio-80-exec-4] TRACE employee.selectAll - <==        Row: 20, 7Xh$4Xh!, 키야 이게되네, 010-2345-9590, kimgudals91@naver.com, 김태현, 상무, 1, 1, 1
2023-09-09 16:36:31.871 [http-nio-80-exec-4] TRACE employee.selectAll - <==        Row: 21, 1Tq)4Qk*, 미쳐버렸어, 미쳤다고, kimgudals91@naver.com, 개신기함, 개신기하다고, 1, 1, 1
2023-09-09 16:36:31.871 [http-nio-80-exec-4] TRACE employee.selectAll - <==        Row: 22, 6Ml^1Th#, 돼돼돼됃, 되나, kimgudals91@naver.com, 이러면되나, 되려나, 1, 1, 1
2023-09-09 16:36:31.871 [http-nio-80-exec-4] DEBUG employee.selectAll - <==      Total: 13
2023-09-09 16:36:31.871 [http-nio-80-exec-4] DEBUG org.apache.ibatis.transaction.jdbc.JdbcTransaction - Closing JDBC Connection [oracle.jdbc.driver.T4CConnection@6d373ed6]
2023-09-09 16:36:31.871 [http-nio-80-exec-4] DEBUG org.apache.ibatis.datasource.pooled.PooledDataSource - Returned connection 1832337110 to pool.
2023-09-09 16:38:28.873 [http-nio-80-exec-6] DEBUG org.apache.ibatis.logging.LogFactory - Logging initialized using 'class org.apache.ibatis.logging.log4j2.Log4j2Impl' adapter.
2023-09-09 16:38:28.949 [http-nio-80-exec-6] DEBUG org.apache.ibatis.datasource.pooled.PooledDataSource - PooledDataSource forcefully closed/removed all connections.
2023-09-09 16:38:28.949 [http-nio-80-exec-6] DEBUG org.apache.ibatis.datasource.pooled.PooledDataSource - PooledDataSource forcefully closed/removed all connections.
2023-09-09 16:38:28.949 [http-nio-80-exec-6] DEBUG org.apache.ibatis.datasource.pooled.PooledDataSource - PooledDataSource forcefully closed/removed all connections.
2023-09-09 16:38:28.950 [http-nio-80-exec-6] DEBUG org.apache.ibatis.datasource.pooled.PooledDataSource - PooledDataSource forcefully closed/removed all connections.
2023-09-09 16:38:28.950 [http-nio-80-exec-6] DEBUG org.apache.ibatis.datasource.pooled.PooledDataSource - PooledDataSource forcefully closed/removed all connections.
2023-09-09 16:38:28.950 [http-nio-80-exec-6] DEBUG org.apache.ibatis.datasource.pooled.PooledDataSource - PooledDataSource forcefully closed/removed all connections.
2023-09-09 16:38:29.026 [http-nio-80-exec-6] DEBUG org.apache.ibatis.transaction.jdbc.JdbcTransaction - Opening JDBC Connection
2023-09-09 16:38:29.206 [http-nio-80-exec-6] DEBUG org.apache.ibatis.datasource.pooled.PooledDataSource - Created connection 2009266124.
2023-09-09 16:38:29.207 [http-nio-80-exec-6] DEBUG org.apache.ibatis.transaction.jdbc.JdbcTransaction - Setting autocommit to false on JDBC Connection [oracle.jdbc.driver.T4CConnection@77c2f7cc]
2023-09-09 16:38:29.208 [http-nio-80-exec-6] DEBUG employee.joinEmployee - ==>  Preparing: insert into employee(emp_no, emp_pw, emp_addr, emp_tel, emp_email, emp_name, emp_posit, emp_state, admin_code, dept_code) values (EMP_NO_SEQ.nextval, ?, ?, ?, ?, ?, ?, ?, ?, ?) 
2023-09-09 16:38:29.301 [http-nio-80-exec-6] DEBUG employee.joinEmployee - ==> Parameters: 8Ax!6Ad@(String), 북치기밪ㄱ치기(String), 010-8282-8282(String), kimgudals91@naver.com(String), 김영남(String), 래퍼(String), 1(Integer), 1(Integer), 1(Integer)
2023-09-09 16:38:29.310 [http-nio-80-exec-6] DEBUG employee.joinEmployee - <==    Updates: 1
2023-09-09 16:38:29.310 [http-nio-80-exec-6] DEBUG org.apache.ibatis.transaction.jdbc.JdbcTransaction - Committing JDBC Connection [oracle.jdbc.driver.T4CConnection@77c2f7cc]
2023-09-09 16:38:29.314 [http-nio-80-exec-6] DEBUG org.apache.ibatis.transaction.jdbc.JdbcTransaction - Resetting autocommit to true on JDBC Connection [oracle.jdbc.driver.T4CConnection@77c2f7cc]
2023-09-09 16:38:29.314 [http-nio-80-exec-6] DEBUG org.apache.ibatis.transaction.jdbc.JdbcTransaction - Closing JDBC Connection [oracle.jdbc.driver.T4CConnection@77c2f7cc]
2023-09-09 16:38:29.314 [http-nio-80-exec-6] DEBUG org.apache.ibatis.datasource.pooled.PooledDataSource - Returned connection 2009266124 to pool.
2023-09-09 16:38:29.780 [http-nio-80-exec-17] DEBUG org.apache.ibatis.transaction.jdbc.JdbcTransaction - Opening JDBC Connection
2023-09-09 16:38:29.781 [http-nio-80-exec-17] DEBUG org.apache.ibatis.datasource.pooled.PooledDataSource - Checked out connection 2009266124 from pool.
2023-09-09 16:38:29.781 [http-nio-80-exec-17] DEBUG employee.selectAll - ==>  Preparing: select * from EMPLOYEE order by emp_no 
2023-09-09 16:38:29.781 [http-nio-80-exec-17] DEBUG employee.selectAll - ==> Parameters: 
2023-09-09 16:38:29.800 [http-nio-80-exec-17] TRACE employee.selectAll - <==    Columns: EMP_NO, EMP_PW, EMP_ADDR, EMP_TEL, EMP_EMAIL, EMP_NAME, EMP_POSIT, EMP_STATE, ADMIN_CODE, DEPT_CODE
2023-09-09 16:38:29.803 [http-nio-80-exec-17] TRACE employee.selectAll - <==        Row: 1, 2, 2, 2, 2, 왜 너만 안지워져, 3, 2, 1, 1
2023-09-09 16:38:29.804 [http-nio-80-exec-17] TRACE employee.selectAll - <==        Row: 10, 2, 자동채번, 010-134-134, kim@nvaer.com, tkqjs, 자동, 1, 1, 1
2023-09-09 16:38:29.804 [http-nio-80-exec-17] TRACE employee.selectAll - <==        Row: 11, 123, 으아아앜!!!!!!!, 010-2552-2453, 으앜, 흐아, 으아, 1, 1, 1
2023-09-09 16:38:29.805 [http-nio-80-exec-17] TRACE employee.selectAll - <==        Row: 12, 123123, 되나???어??, 010-1234-1340, 되나?, 어?, 되나?, 1, 0, 1
2023-09-09 16:38:29.805 [http-nio-80-exec-17] TRACE employee.selectAll - <==        Row: 13, 111, 아, 아, 아, 아, 아, 1, 1, 1
2023-09-09 16:38:29.805 [http-nio-80-exec-17] TRACE employee.selectAll - <==        Row: 14, 5Oa)6Ul@, ㄹ, ㅇ, ㄹ, ㅇ, ㅇ, 1, 1, 1
2023-09-09 16:38:29.805 [http-nio-80-exec-17] TRACE employee.selectAll - <==        Row: 15, 3Sa(8Bh&, 불광동, 010-6669-6969, quddh@naver.com, 병다섯개, 인턴, 1, 1, 1
2023-09-09 16:38:29.805 [http-nio-80-exec-17] TRACE employee.selectAll - <==        Row: 17, 4Ef&9Ab#, ㄴㅁㅇ, ㅇ, ㅇ, 테스트, 테테, 1, 1, 1
2023-09-09 16:38:29.806 [http-nio-80-exec-17] TRACE employee.selectAll - <==        Row: 18, 2Sq@0Bd^, 123, 010-5555-5555, test@test.test, 테스트, 테스트, 1, 1, 1
2023-09-09 16:38:29.806 [http-nio-80-exec-17] TRACE employee.selectAll - <==        Row: 19, 5Tg)5Qx*, 한강뷰 아파트, 010-6669-6969, kimgudals91@naver.com, 김형민, 이사, 1, 1, 1
2023-09-09 16:38:29.810 [http-nio-80-exec-17] TRACE employee.selectAll - <==        Row: 20, 7Xh$4Xh!, 키야 이게되네, 010-2345-9590, kimgudals91@naver.com, 김태현, 상무, 1, 1, 1
2023-09-09 16:38:29.810 [http-nio-80-exec-17] TRACE employee.selectAll - <==        Row: 21, 1Tq)4Qk*, 미쳐버렸어, 미쳤다고, kimgudals91@naver.com, 개신기함, 개신기하다고, 1, 1, 1
2023-09-09 16:38:29.810 [http-nio-80-exec-17] TRACE employee.selectAll - <==        Row: 22, 6Ml^1Th#, 돼돼돼됃, 되나, kimgudals91@naver.com, 이러면되나, 되려나, 1, 1, 1
2023-09-09 16:38:29.810 [http-nio-80-exec-17] TRACE employee.selectAll - <==        Row: 23, 8Ax!6Ad@, 북치기밪ㄱ치기, 010-8282-8282, kimgudals91@naver.com, 김영남, 래퍼, 1, 1, 1
2023-09-09 16:38:29.810 [http-nio-80-exec-17] DEBUG employee.selectAll - <==      Total: 14
2023-09-09 16:38:29.810 [http-nio-80-exec-17] DEBUG org.apache.ibatis.transaction.jdbc.JdbcTransaction - Closing JDBC Connection [oracle.jdbc.driver.T4CConnection@77c2f7cc]
2023-09-09 16:38:29.811 [http-nio-80-exec-17] DEBUG org.apache.ibatis.datasource.pooled.PooledDataSource - Returned connection 2009266124 to pool.
2023-09-09 16:41:06.954 [http-nio-80-exec-3] DEBUG org.apache.ibatis.logging.LogFactory - Logging initialized using 'class org.apache.ibatis.logging.log4j2.Log4j2Impl' adapter.
2023-09-09 16:41:07.052 [http-nio-80-exec-3] DEBUG org.apache.ibatis.datasource.pooled.PooledDataSource - PooledDataSource forcefully closed/removed all connections.
2023-09-09 16:41:07.052 [http-nio-80-exec-3] DEBUG org.apache.ibatis.datasource.pooled.PooledDataSource - PooledDataSource forcefully closed/removed all connections.
2023-09-09 16:41:07.052 [http-nio-80-exec-3] DEBUG org.apache.ibatis.datasource.pooled.PooledDataSource - PooledDataSource forcefully closed/removed all connections.
2023-09-09 16:41:07.052 [http-nio-80-exec-3] DEBUG org.apache.ibatis.datasource.pooled.PooledDataSource - PooledDataSource forcefully closed/removed all connections.
2023-09-09 16:41:07.052 [http-nio-80-exec-3] DEBUG org.apache.ibatis.datasource.pooled.PooledDataSource - PooledDataSource forcefully closed/removed all connections.
2023-09-09 16:41:07.052 [http-nio-80-exec-3] DEBUG org.apache.ibatis.datasource.pooled.PooledDataSource - PooledDataSource forcefully closed/removed all connections.
2023-09-09 16:41:07.144 [http-nio-80-exec-3] DEBUG org.apache.ibatis.transaction.jdbc.JdbcTransaction - Opening JDBC Connection
2023-09-09 16:41:07.488 [http-nio-80-exec-3] DEBUG org.apache.ibatis.datasource.pooled.PooledDataSource - Created connection 1226120585.
2023-09-09 16:41:07.488 [http-nio-80-exec-3] DEBUG org.apache.ibatis.transaction.jdbc.JdbcTransaction - Setting autocommit to false on JDBC Connection [oracle.jdbc.driver.T4CConnection@49151d89]
2023-09-09 16:41:07.490 [http-nio-80-exec-3] DEBUG employee.joinEmployee - ==>  Preparing: insert into employee(emp_no, emp_pw, emp_addr, emp_tel, emp_email, emp_name, emp_posit, emp_state, admin_code, dept_code) values (EMP_NO_SEQ.nextval, ?, ?, ?, ?, ?, ?, ?, ?, ?) 
2023-09-09 16:41:07.625 [http-nio-80-exec-3] DEBUG employee.joinEmployee - ==> Parameters: 9Ia%4Yg)(String), ㅇ(String), ㅇ(String), kimgudals91@naver.com(String), ㅇ(String), ㅇ(String), 1(Integer), 1(Integer), 1(Integer)
2023-09-09 16:41:07.639 [http-nio-80-exec-3] DEBUG employee.joinEmployee - <==    Updates: 1
2023-09-09 16:41:07.639 [http-nio-80-exec-3] DEBUG org.apache.ibatis.transaction.jdbc.JdbcTransaction - Committing JDBC Connection [oracle.jdbc.driver.T4CConnection@49151d89]
2023-09-09 16:41:07.644 [http-nio-80-exec-3] DEBUG org.apache.ibatis.transaction.jdbc.JdbcTransaction - Resetting autocommit to true on JDBC Connection [oracle.jdbc.driver.T4CConnection@49151d89]
2023-09-09 16:41:07.644 [http-nio-80-exec-3] DEBUG org.apache.ibatis.transaction.jdbc.JdbcTransaction - Closing JDBC Connection [oracle.jdbc.driver.T4CConnection@49151d89]
2023-09-09 16:41:07.644 [http-nio-80-exec-3] DEBUG org.apache.ibatis.datasource.pooled.PooledDataSource - Returned connection 1226120585 to pool.
2023-09-09 16:41:08.398 [http-nio-80-exec-3] DEBUG org.apache.ibatis.transaction.jdbc.JdbcTransaction - Opening JDBC Connection
2023-09-09 16:41:08.399 [http-nio-80-exec-3] DEBUG org.apache.ibatis.datasource.pooled.PooledDataSource - Checked out connection 1226120585 from pool.
2023-09-09 16:41:08.399 [http-nio-80-exec-3] DEBUG employee.selectAll - ==>  Preparing: select * from EMPLOYEE order by emp_no 
2023-09-09 16:41:08.399 [http-nio-80-exec-3] DEBUG employee.selectAll - ==> Parameters: 
2023-09-09 16:41:08.422 [http-nio-80-exec-3] TRACE employee.selectAll - <==    Columns: EMP_NO, EMP_PW, EMP_ADDR, EMP_TEL, EMP_EMAIL, EMP_NAME, EMP_POSIT, EMP_STATE, ADMIN_CODE, DEPT_CODE
2023-09-09 16:41:08.426 [http-nio-80-exec-3] TRACE employee.selectAll - <==        Row: 1, 2, 2, 2, 2, 왜 너만 안지워져, 3, 2, 1, 1
2023-09-09 16:41:08.427 [http-nio-80-exec-3] TRACE employee.selectAll - <==        Row: 10, 2, 자동채번, 010-134-134, kim@nvaer.com, tkqjs, 자동, 1, 1, 1
2023-09-09 16:41:08.428 [http-nio-80-exec-3] TRACE employee.selectAll - <==        Row: 11, 123, 으아아앜!!!!!!!, 010-2552-2453, 으앜, 흐아, 으아, 1, 1, 1
2023-09-09 16:41:08.428 [http-nio-80-exec-3] TRACE employee.selectAll - <==        Row: 12, 123123, 되나???어??, 010-1234-1340, 되나?, 어?, 되나?, 1, 0, 1
2023-09-09 16:41:08.428 [http-nio-80-exec-3] TRACE employee.selectAll - <==        Row: 13, 111, 아, 아, 아, 아, 아, 1, 1, 1
2023-09-09 16:41:08.428 [http-nio-80-exec-3] TRACE employee.selectAll - <==        Row: 14, 5Oa)6Ul@, ㄹ, ㅇ, ㄹ, ㅇ, ㅇ, 1, 1, 1
2023-09-09 16:41:08.428 [http-nio-80-exec-3] TRACE employee.selectAll - <==        Row: 15, 3Sa(8Bh&, 불광동, 010-6669-6969, quddh@naver.com, 병다섯개, 인턴, 1, 1, 1
2023-09-09 16:41:08.429 [http-nio-80-exec-3] TRACE employee.selectAll - <==        Row: 17, 4Ef&9Ab#, ㄴㅁㅇ, ㅇ, ㅇ, 테스트, 테테, 1, 1, 1
2023-09-09 16:41:08.429 [http-nio-80-exec-3] TRACE employee.selectAll - <==        Row: 18, 2Sq@0Bd^, 123, 010-5555-5555, test@test.test, 테스트, 테스트, 1, 1, 1
2023-09-09 16:41:08.429 [http-nio-80-exec-3] TRACE employee.selectAll - <==        Row: 19, 5Tg)5Qx*, 한강뷰 아파트, 010-6669-6969, kimgudals91@naver.com, 김형민, 이사, 1, 1, 1
2023-09-09 16:41:08.433 [http-nio-80-exec-3] TRACE employee.selectAll - <==        Row: 20, 7Xh$4Xh!, 키야 이게되네, 010-2345-9590, kimgudals91@naver.com, 김태현, 상무, 1, 1, 1
2023-09-09 16:41:08.433 [http-nio-80-exec-3] TRACE employee.selectAll - <==        Row: 21, 1Tq)4Qk*, 미쳐버렸어, 미쳤다고, kimgudals91@naver.com, 개신기함, 개신기하다고, 1, 1, 1
2023-09-09 16:41:08.433 [http-nio-80-exec-3] TRACE employee.selectAll - <==        Row: 22, 6Ml^1Th#, 돼돼돼됃, 되나, kimgudals91@naver.com, 이러면되나, 되려나, 1, 1, 1
2023-09-09 16:41:08.433 [http-nio-80-exec-3] TRACE employee.selectAll - <==        Row: 23, 8Ax!6Ad@, 북치기밪ㄱ치기, 010-8282-8282, kimgudals91@naver.com, 김영남, 래퍼, 1, 1, 1
2023-09-09 16:41:08.434 [http-nio-80-exec-3] TRACE employee.selectAll - <==        Row: 24, 9Ia%4Yg), ㅇ, ㅇ, kimgudals91@naver.com, ㅇ, ㅇ, 1, 1, 1
2023-09-09 16:41:08.434 [http-nio-80-exec-3] DEBUG employee.selectAll - <==      Total: 15
2023-09-09 16:41:08.434 [http-nio-80-exec-3] DEBUG org.apache.ibatis.transaction.jdbc.JdbcTransaction - Closing JDBC Connection [oracle.jdbc.driver.T4CConnection@49151d89]
2023-09-09 16:41:08.434 [http-nio-80-exec-3] DEBUG org.apache.ibatis.datasource.pooled.PooledDataSource - Returned connection 1226120585 to pool.
